number,value,datetime_start,datetime_complete,duration,params_learning_rate,params_local_dem_cfg,params_rain_lag_weeks,params_regional_dem_cfg,params_weight_decay,user_attrs_fold_scores,state
0,3361.3896484375,2026-09-26 13:12:57.298138,2026-09-26 13:14:21.384968,0 days 00:01:24.086830,0.00012227105761160537,4,2,1,0.0007969454818643932,"[4108.70703125, 3361.3896484375, 2735.089599609375]",COMPLETE
1,3422.228515625,2026-09-26 13:14:21.409295,2026-09-26 13:16:03.639917,0 days 00:01:42.230622,2.837044383125838e-05,4,3,7,1.3066739238053272e-05,"[4631.84814453125, 3422.228515625, 2765.718505859375]",COMPLETE
2,3496.502685546875,2026-09-26 13:16:03.668315,2026-09-26 13:18:58.909131,0 days 00:02:55.240816,1.1475157082640145e-05,1,3,2,0.0008706020878304854,"[4883.283203125, 3496.502685546875, 2781.56689453125]",COMPLETE
3,3396.1416015625,2026-09-26 13:18:58.925657,2026-09-26 13:20:34.112629,0 days 00:01:35.186972,3.40753084784493e-05,3,2,3,4.059611610484306e-05,"[4294.09033203125, 3396.1416015625, 2780.296142578125]",COMPLETE
4,3352.0087890625,2026-09-26 13:20:34.135061,2026-09-26 13:21:27.659159,0 days 00:00:53.524098,0.0005973983409513077,2,1,5,1.9010245319870364e-05,"[3869.88525390625, 3352.0087890625, 2800.887939453125]",COMPLETE
5,3539.085205078125,2026-09-26 13:21:27.675001,2026-09-26 13:22:20.098139,0 days 00:00:52.423138,0.0019029898484898941,4,2,0,2.5081156860452307e-05,"[3739.013427734375, 3539.085205078125, 2870.02294921875]",COMPLETE
6,3361.68701171875,2026-09-26 13:22:20.115497,2026-09-26 13:23:12.677303,0 days 00:00:52.561806,0.0005804400571592859,7,0,10,2.1930485556643678e-05,"[3964.891357421875, 3361.68701171875, 2892.62548828125]",COMPLETE
7,3366.369873046875,2026-09-26 13:23:12.693994,2026-09-26 13:24:03.741146,0 days 00:00:51.047152,0.002222543382380873,5,0,4,4.066563313514796e-05,"[4076.880615234375, 3366.369873046875, 2739.546875]",COMPLETE
8,3416.8125,2026-09-26 13:24:03.764091,2026-09-26 13:25:55.789702,0 days 00:01:52.025611,2.2609344829833507e-05,7,0,2,9.7803370166594e-05,"[4663.16552734375, 3416.8125, 2741.34228515625]",COMPLETE
9,3546.62890625,2026-09-26 13:25:55.806675,2026-09-26 13:26:51.386284,0 days 00:00:55.579609,0.0008382273168274294,4,2,2,4.201672054372529e-05,"[4343.1435546875, 3546.62890625, 2886.628662109375]",COMPLETE
10,3734.018798828125,2026-09-26 13:26:51.404141,2026-09-26 13:27:47.646707,0 days 00:00:56.242566,0.005949053275289082,0,1,6,0.000251044100425046,"[4211.47607421875, 3734.018798828125, 3134.365478515625]",COMPLETE
11,3413.760986328125,2026-09-26 13:27:47.663636,2026-09-26 13:28:49.540856,0 days 00:01:01.877220,0.0001451929868648292,2,1,8,0.0008834266299243921,"[4160.37744140625, 3413.760986328125, 2742.350341796875]",COMPLETE
12,3338.9697265625,2026-09-26 13:28:49.563668,2026-09-26 13:29:50.844066,0 days 00:01:01.280398,0.00010377978641477135,2,1,0,0.00028108434359337193,"[4052.486572265625, 3338.9697265625, 2738.72802734375]",COMPLETE
13,3328.555419921875,2026-09-26 13:29:50.861377,2026-09-26 13:30:46.338735,0 days 00:00:55.477358,0.0001956959328765984,2,1,5,0.0002429525242606268,"[4103.87548828125, 3328.555419921875, 2779.251220703125]",COMPLETE
14,3539.31494140625,2026-09-26 13:30:46.354545,2026-09-26 13:31:47.092211,0 days 00:01:00.737666,9.896530425280172e-05,0,1,10,0.00025584829873811945,"[4313.974609375, 3539.31494140625, 2705.23095703125]",COMPLETE
15,3319.253173828125,2026-09-26 13:31:47.122038,2026-09-26 13:32:43.752824,0 days 00:00:56.630786,0.0002381690405018857,2,1,0,0.0003112908172860049,"[3931.71484375, 3319.253173828125, 2725.565673828125]",COMPLETE
16,3430.79541015625,2026-09-26 13:32:43.771680,2026-09-26 13:33:40.742277,0 days 00:00:56.970597,0.0002459748647985165,1,0,8,0.0001269302329118387,"[4440.15625, 3430.79541015625, 2693.657958984375]",COMPLETE
17,3495.846923828125,2026-09-26 13:33:40.763671,2026-09-26 13:34:39.067859,0 days 00:00:58.304188,0.00033434157994095647,3,1,4,0.0004437927693088087,"[4432.6533203125, 3495.846923828125, 2687.936279296875]",COMPLETE
18,3390.771484375,2026-09-26 13:34:39.084710,2026-09-26 13:36:00.809858,0 days 00:01:21.725148,4.8182113703031616e-05,1,2,5,0.00012285149251202332,"[4395.58447265625, 3390.771484375, 2709.95361328125]",COMPLETE
19,3414.469482421875,2026-09-26 13:36:00.831163,2026-09-26 13:36:59.166314,0 days 00:00:58.335151,0.0002622867098656545,5,0,8,0.0004894057592170779,"[4005.303466796875, 3414.469482421875, 2830.64306640625]",COMPLETE
20,3351.280029296875,2026-09-26 13:36:59.181569,2026-09-26 13:37:53.209258,0 days 00:00:54.027689,0.0015465930547775507,2,1,1,7.6574174026218e-05,"[3751.357421875, 3351.280029296875, 2838.393310546875]",COMPLETE
21,3456.802734375,2026-09-26 13:37:53.227236,2026-09-26 13:39:16.052550,0 days 00:01:22.825314,6.631156498874459e-05,2,1,0,0.0002222439032274969,"[4297.05908203125, 3456.802734375, 2744.705322265625]",COMPLETE
22,3236.29150390625,2026-09-26 13:39:16.069255,2026-09-26 13:40:16.261394,0 days 00:01:00.192139,0.00021446308800211097,3,1,0,0.0004158334425423522,"[4107.37109375, 3236.29150390625, 2784.457763671875]",COMPLETE
23,3426.497314453125,2026-09-26 13:40:16.277417,2026-09-26 13:41:15.275109,0 days 00:00:58.997692,0.00020083898320747166,3,1,1,0.0004221576090788186,"[4085.2001953125, 3426.497314453125, 2817.461669921875]",COMPLETE
24,3408.985595703125,2026-09-26 13:41:15.292093,2026-09-26 13:42:17.263887,0 days 00:01:01.971794,0.0003836439222277365,1,2,3,0.00017686717314322587,"[4531.09326171875, 3408.985595703125, 2641.178466796875]",COMPLETE
25,3356.596435546875,2026-09-26 13:42:17.286234,2026-09-26 13:43:10.974937,0 days 00:00:53.688703,0.0010608441136350547,3,1,3,0.0005800971846691021,"[4021.562744140625, 3356.596435546875, 2807.387451171875]",COMPLETE
26,3514.447265625,2026-09-26 13:43:10.994777,2026-09-26 13:44:23.584884,0 days 00:01:12.590107,6.635055802594189e-05,5,0,0,0.00038560076581209293,"[4485.58544921875, 3514.447265625, 2750.533935546875]",COMPLETE
27,3439.775390625,2026-09-26 13:44:23.605095,2026-09-26 13:45:16.938723,0 days 00:00:53.333628,0.00047558187932111536,6,1,6,0.0001639046345978023,"[4266.82373046875, 3439.775390625, 2800.034912109375]",COMPLETE
28,3368.4384765625,2026-09-26 13:45:16.957493,2026-09-26 13:46:14.961357,0 days 00:00:58.003864,0.00019470560016638587,3,2,1,0.0003288383349682227,"[4114.7890625, 3368.4384765625, 2704.323486328125]",COMPLETE
29,3385.29638671875,2026-09-26 13:46:14.980119,2026-09-26 13:47:12.867862,0 days 00:00:57.887743,0.00014049267020262222,1,2,1,0.00062055495350013,"[4216.73974609375, 3385.29638671875, 2815.948486328125]",COMPLETE
30,3309.714111328125,2026-09-26 13:47:12.885140,2026-09-26 13:48:19.901237,0 days 00:01:07.016097,8.317801423349455e-05,2,0,9,6.486165319009098e-05,"[4031.796142578125, 3309.714111328125, 2747.823974609375]",COMPLETE
31,3394.2431640625,2026-09-26 13:48:19.917686,2026-09-26 13:49:34.008180,0 days 00:01:14.090494,7.13965894278474e-05,2,0,9,5.798275187093712e-05,"[4135.42431640625, 3394.2431640625, 2626.248046875]",COMPLETE
32,3442.144287109375,2026-09-26 13:49:34.024005,2026-09-26 13:50:30.273484,0 days 00:00:56.249479,0.00016477530731644237,4,0,7,0.00017811712016107674,"[4306.11474609375, 3442.144287109375, 2773.353271484375]",COMPLETE
33,3429.450927734375,2026-09-26 13:50:30.295486,2026-09-26 13:51:28.788982,0 days 00:00:58.493496,0.0001014638313277603,2,3,6,0.0006698415460289161,"[4420.83642578125, 3429.450927734375, 2681.786376953125]",COMPLETE
34,3556.00146484375,2026-09-26 13:51:28.806850,2026-09-26 13:54:17.163918,0 days 00:02:48.357068,1.2587840413591771e-05,3,1,4,7.792319768826808e-05,"[4586.0068359375, 3556.00146484375, 2740.740234375]",COMPLETE
35,3496.2197265625,2026-09-26 13:54:17.182959,2026-09-26 13:56:06.181620,0 days 00:01:48.998661,2.6694314781317185e-05,0,1,9,0.00033608552254930343,"[4153.76953125, 3496.2197265625, 2674.17822265625]",COMPLETE
36,3321.343994140625,2026-09-26 13:56:06.199505,2026-09-26 13:57:36.781596,0 days 00:01:30.582091,4.986251220157914e-05,1,0,7,1.1567601281237502e-05,"[4345.7734375, 3321.343994140625, 2671.421630859375]",COMPLETE
37,3427.587890625,2026-09-26 13:57:36.800583,2026-09-26 13:59:07.995202,0 days 00:01:31.194619,4.121768616284873e-05,1,0,7,1.0369685608620014e-05,"[4511.18994140625, 3427.587890625, 2730.33935546875]",COMPLETE
38,3519.546142578125,2026-09-26 13:59:08.018797,2026-09-26 14:01:20.841642,0 days 00:02:12.822845,1.8498779792602284e-05,0,0,9,1.6930178605449636e-05,"[4104.90673828125, 3519.546142578125, 2719.697021484375]",COMPLETE
39,3587.42578125,2026-09-26 14:01:20.862375,2026-09-26 14:02:47.427172,0 days 00:01:26.564797,5.1304448858283335e-05,1,0,8,3.253724303240442e-05,"[4260.587890625, 3587.42578125, 2651.0673828125]",COMPLETE
