number,value,datetime_start,datetime_complete,duration,params_learning_rate,params_local_dem_cfg,params_rain_lag_weeks,params_regional_dem_cfg,params_weight_decay,user_attrs_fold_scores,state
0,3525.387451171875,2026-09-26 13:11:40.988601,2026-09-26 13:13:30.698881,0 days 00:01:49.710280,0.00012227105761160537,4,2,1,0.0007969454818643932,"[4578.09033203125, 3525.387451171875, 2892.775634765625]",COMPLETE
1,3574.25830078125,2026-09-26 13:13:30.726852,2026-09-26 13:16:22.878527,0 days 00:02:52.151675,2.837044383125838e-05,4,3,7,1.3066739238053272e-05,"[4209.369140625, 3574.25830078125, 2879.82080078125]",COMPLETE
2,3691.295654296875,2026-09-26 13:16:22.895253,2026-09-26 13:20:48.811247,0 days 00:04:25.915994,1.1475157082640145e-05,1,3,2,0.0008706020878304854,"[4811.7705078125, 3691.295654296875, 2832.54541015625]",COMPLETE
3,3483.409423828125,2026-09-26 13:20:48.835688,2026-09-26 13:22:41.777526,0 days 00:01:52.941838,3.40753084784493e-05,3,2,3,4.059611610484306e-05,"[4298.650390625, 3483.409423828125, 2756.433837890625]",COMPLETE
4,3435.35302734375,2026-09-26 13:22:41.797441,2026-09-26 13:23:52.801212,0 days 00:01:11.003771,0.0005973983409513077,2,1,5,1.9010245319870364e-05,"[4448.0654296875, 3435.35302734375, 2859.418701171875]",COMPLETE
5,3515.5087890625,2026-09-26 13:23:52.819204,2026-09-26 13:25:10.624886,0 days 00:01:17.805682,0.0019029898484898941,4,2,0,2.5081156860452307e-05,"[4286.126953125, 3515.5087890625, 2819.922119140625]",COMPLETE
6,3574.504638671875,2026-09-26 13:25:10.642101,2026-09-26 13:26:20.321657,0 days 00:01:09.679556,0.0005804400571592859,7,0,10,2.1930485556643678e-05,"[4556.02197265625, 3574.504638671875, 3225.41845703125]",COMPLETE
7,3610.15087890625,2026-09-26 13:26:20.339097,2026-09-26 13:27:29.218374,0 days 00:01:08.879277,0.002222543382380873,5,0,4,4.066563313514796e-05,"[4129.94873046875, 3610.15087890625, 3083.680908203125]",COMPLETE
8,3468.1904296875,2026-09-26 13:27:29.236339,2026-09-26 13:30:09.236468,0 days 00:02:40.000129,2.2609344829833507e-05,7,0,2,9.7803370166594e-05,"[4517.84521484375, 3468.1904296875, 2822.347412109375]",COMPLETE
9,3447.67529296875,2026-09-26 13:30:09.253854,2026-09-26 13:31:28.183113,0 days 00:01:18.929259,0.0008382273168274294,4,2,2,4.201672054372529e-05,"[4369.45556640625, 3447.67529296875, 2978.55908203125]",COMPLETE
10,3475.480224609375,2026-09-26 13:31:28.199640,2026-09-26 13:32:37.191235,0 days 00:01:08.991595,0.005949053275289082,0,1,6,0.000251044100425046,"[4104.34228515625, 3475.480224609375, 2995.156982421875]",COMPLETE
11,3504.953857421875,2026-09-26 13:32:37.209028,2026-09-26 13:33:51.726433,0 days 00:01:14.517405,0.00030319925925626027,2,1,8,9.601199133466137e-05,"[4153.13232421875, 3504.953857421875, 2823.585205078125]",COMPLETE
12,3310.554931640625,2026-09-26 13:33:51.743731,2026-09-26 13:35:13.188496,0 days 00:01:21.444765,0.0008343845512703804,2,1,5,1.0352030427503499e-05,"[4264.6474609375, 3310.554931640625, 2870.03173828125]",COMPLETE
13,3465.83251953125,2026-09-26 13:35:13.206807,2026-09-26 13:36:32.343761,0 days 00:01:19.136954,0.00013899606070309328,2,1,5,1.0532157319565844e-05,"[4133.00390625, 3465.83251953125, 2732.340087890625]",COMPLETE
14,3456.1064453125,2026-09-26 13:36:32.362693,2026-09-26 13:38:13.686539,0 days 00:01:41.323846,0.0013442214780377958,0,1,5,1.7045856601450783e-05,"[4305.1142578125, 3456.1064453125, 3188.869384765625]",COMPLETE
15,3777.83837890625,2026-09-26 13:38:13.707550,2026-09-26 13:39:35.866893,0 days 00:01:22.159343,0.006360602454121289,2,1,8,1.0145445787290825e-05,"[4507.17578125, 3777.83837890625, 3380.279541015625]",COMPLETE
16,3385.87060546875,2026-09-26 13:39:35.884781,2026-09-26 13:40:47.624735,0 days 00:01:11.739954,0.00034524587688169285,1,0,4,0.00020998248993613555,"[4568.0390625, 3385.87060546875, 2948.049072265625]",COMPLETE
17,3425.82861328125,2026-09-26 13:40:47.645127,2026-09-26 13:42:08.253493,0 days 00:01:20.608366,0.00013024052292441636,1,0,4,0.0002881838632933021,"[4542.38671875, 3425.82861328125, 2633.33740234375]",COMPLETE
18,3494.147216796875,2026-09-26 13:42:08.270269,2026-09-26 13:43:29.506381,0 days 00:01:21.236112,0.0002643387424818905,1,0,7,0.0002006577148598667,"[4392.84814453125, 3494.147216796875, 2782.523681640625]",COMPLETE
19,3525.046875,2026-09-26 13:43:29.523242,2026-09-26 13:44:38.002123,0 days 00:01:08.478881,0.003285522346806294,3,0,4,0.0004894057592170779,"[4215.0224609375, 3525.046875, 3398.5107421875]",COMPLETE
20,3380.093994140625,2026-09-26 13:44:38.019302,2026-09-26 13:46:42.361756,0 days 00:02:04.342454,5.954504257807832e-05,0,0,6,0.00014610215878147474,"[4276.16015625, 3380.093994140625, 2775.255859375]",COMPLETE
21,3518.5068359375,2026-09-26 13:46:42.379556,2026-09-26 13:48:24.399000,0 days 00:01:42.019444,6.287351182895138e-05,0,0,6,0.00014919012385395742,"[4477.00537109375, 3518.5068359375, 2746.78759765625]",COMPLETE
22,3443.006591796875,2026-09-26 13:48:24.415246,2026-09-26 13:49:50.506587,0 days 00:01:26.091341,0.00029211547751842743,1,0,6,5.9915389863405913e-05,"[4423.16845703125, 3443.006591796875, 2712.76025390625]",COMPLETE
23,3562.412841796875,2026-09-26 13:49:50.524976,2026-09-26 13:51:34.151359,0 days 00:01:43.626383,6.50872467250339e-05,0,1,3,0.00042749218005476766,"[4541.7353515625, 3562.412841796875, 2827.20947265625]",COMPLETE
24,3438.470703125,2026-09-26 13:51:34.176944,2026-09-26 13:52:43.804509,0 days 00:01:09.627565,0.00046288397814374713,1,0,9,0.00013889309052913425,"[4108.3017578125, 3438.470703125, 3005.138916015625]",COMPLETE
25,3443.1005859375,2026-09-26 13:52:43.821080,2026-09-26 13:54:01.083072,0 days 00:01:17.261992,0.0011667091871980396,3,1,7,0.0003786980701102216,"[4286.51513671875, 3443.1005859375, 3030.095703125]",COMPLETE
26,3497.029296875,2026-09-26 13:54:01.102576,2026-09-26 13:55:19.845703,0 days 00:01:18.743127,0.00018330293205833098,0,0,3,6.963320193333782e-05,"[4382.6005859375, 3497.029296875, 2878.030517578125]",COMPLETE
27,3449.364501953125,2026-09-26 13:55:19.868295,2026-09-26 13:57:02.666283,0 days 00:01:42.797988,7.619812749904082e-05,2,0,5,0.00015702358213762573,"[4412.86962890625, 3449.364501953125, 2783.787841796875]",COMPLETE
28,3599.85205078125,2026-09-26 13:57:02.684945,2026-09-26 13:58:28.630484,0 days 00:01:25.945539,0.00041018679079726447,1,1,6,7.054268071569627e-05,"[4405.3193359375, 3599.85205078125, 2861.45751953125]",COMPLETE
29,3470.173095703125,2026-09-26 13:58:28.658163,2026-09-26 14:00:12.651807,0 days 00:01:43.993644,8.420510832047696e-05,5,2,4,0.0005397108120712699,"[4239.9638671875, 3470.173095703125, 2811.22412109375]",COMPLETE
30,3678.605712890625,2026-09-26 14:00:12.668334,2026-09-26 14:01:27.943457,0 days 00:01:15.275123,0.0008923288740510782,0,0,1,0.0002235690926922043,"[4271.25634765625, 3678.605712890625, 2760.41943359375]",COMPLETE
31,3455.12255859375,2026-09-26 14:01:27.961645,2026-09-26 14:02:58.786594,0 days 00:01:30.824949,0.00015706737172747076,1,0,4,0.00029818014900065756,"[4182.2578125, 3455.12255859375, 2875.302001953125]",COMPLETE
32,3440.704833984375,2026-09-26 14:02:58.806208,2026-09-26 14:04:42.480661,0 days 00:01:43.674453,0.00010143581322260526,1,0,5,0.0003377058682760732,"[4365.52490234375, 3440.704833984375, 2900.41357421875]",COMPLETE
33,3498.391357421875,2026-09-26 14:04:42.500406,2026-09-26 14:07:56.925649,0 days 00:03:14.425243,3.3249216593061594e-05,2,3,3,0.0001771959885126481,"[4420.7529296875, 3498.391357421875, 2742.90185546875]",COMPLETE
34,3376.219482421875,2026-09-26 14:07:56.942295,2026-09-26 14:09:36.419823,0 days 00:01:39.477528,4.65145163125546e-05,1,0,4,0.0005791701930388704,"[4380.96142578125, 3376.219482421875, 2836.192138671875]",COMPLETE
35,3673.21630859375,2026-09-26 14:09:36.437204,2026-09-26 14:15:15.387343,0 days 00:05:38.950139,1.5850644005063188e-05,0,1,6,0.0005582130116910129,"[4238.37109375, 3673.21630859375, 2938.676513671875]",COMPLETE
36,3498.533935546875,2026-09-26 14:15:15.404557,2026-09-26 14:23:44.388558,0 days 00:08:28.984001,1.4236319366704064e-05,3,2,3,0.0006767610762925636,"[4492.3232421875, 3498.533935546875, 2829.79931640625]",COMPLETE
37,3390.35546875,2026-09-26 14:23:44.406411,2026-09-26 14:26:42.090631,0 days 00:02:57.684220,5.345674030919479e-05,2,0,7,0.000753413361908137,"[4354.16796875, 3390.35546875, 2901.017822265625]",COMPLETE
38,3576.232666015625,2026-09-26 14:26:42.107605,2026-09-26 14:30:12.888634,0 days 00:03:30.781029,4.931756036271889e-05,1,3,5,0.0009249842057249258,"[4287.27587890625, 3576.232666015625, 2874.708740234375]",COMPLETE
39,3525.57080078125,2026-09-26 14:30:12.906155,2026-09-26 14:38:26.804403,0 days 00:08:13.898248,1.001753654843392e-05,2,0,8,0.00011280483243627007,"[4729.54296875, 3525.57080078125, 2915.224609375]",COMPLETE
