number,value,datetime_start,datetime_complete,duration,params_learning_rate,params_local_dem_cfg,params_rain_lag_weeks,params_regional_dem_cfg,params_weight_decay,user_attrs_fold_scores,state
0,1760.6021728515625,2026-09-26 13:13:06.515522,2026-09-26 13:19:16.141515,0 days 00:06:09.625993,0.00012227105761160537,4,2,1,0.0007969454818643932,"[1760.6021728515625, 2105.4140625, 1478.74462890625]",COMPLETE
1,2049.958984375,2026-09-26 13:19:16.162527,2026-09-26 13:28:08.293936,0 days 00:08:52.131409,2.837044383125838e-05,4,3,7,1.3066739238053272e-05,"[2049.958984375, 2585.378173828125, 1964.69873046875]",COMPLETE
2,2923.213623046875,2026-09-26 13:28:08.311676,2026-09-26 13:38:17.792450,0 days 00:10:09.480774,1.1475157082640145e-05,1,3,2,0.0008706020878304854,"[2880.79443359375, 3467.2548828125, 2923.213623046875]",COMPLETE
3,1935.001708984375,2026-09-26 13:38:17.810164,2026-09-26 13:46:43.791151,0 days 00:08:25.980987,3.40753084784493e-05,3,2,3,4.059611610484306e-05,"[1931.1500244140625, 2295.589111328125, 1935.001708984375]",COMPLETE
4,1652.2568359375,2026-09-26 13:46:43.808866,2026-09-26 13:49:52.698070,0 days 00:03:08.889204,0.0005973983409513077,2,1,5,1.9010245319870364e-05,"[1652.2568359375, 1927.6636962890625, 1395.87890625]",COMPLETE
5,1649.447265625,2026-09-26 13:49:52.714129,2026-09-26 13:53:46.750774,0 days 00:03:54.036645,0.0019029898484898941,4,2,0,2.5081156860452307e-05,"[1649.447265625, 1708.00927734375, 1449.8975830078125]",COMPLETE
6,1755.753662109375,2026-09-26 13:53:46.770536,2026-09-26 13:57:00.871802,0 days 00:03:14.101266,0.0005804400571592859,7,0,10,2.1930485556643678e-05,"[1755.753662109375, 1787.78076171875, 1721.7322998046875]",COMPLETE
7,1641.098876953125,2026-09-26 13:57:00.889765,2026-09-26 14:00:40.018371,0 days 00:03:39.128606,0.002222543382380873,5,0,4,4.066563313514796e-05,"[1641.098876953125, 1974.525146484375, 1587.346435546875]",COMPLETE
8,2371.97265625,2026-09-26 14:00:40.036812,2026-09-26 14:11:11.727622,0 days 00:10:31.690810,2.2609344829833507e-05,7,0,2,9.7803370166594e-05,"[1994.1588134765625, 2598.544677734375, 2371.97265625]",COMPLETE
9,1632.0859375,2026-09-26 14:11:11.745218,2026-09-26 14:16:20.950066,0 days 00:05:09.204848,0.0008382273168274294,4,2,2,4.201672054372529e-05,"[1632.0859375, 1996.07861328125, 1626.4346923828125]",COMPLETE
10,1727.8558349609375,2026-09-26 14:16:20.968425,2026-09-26 14:22:16.065594,0 days 00:05:55.097169,0.006236632946672352,0,1,6,0.00023719272930721014,"[1727.8558349609375, 2279.558837890625, 1603.9736328125]",COMPLETE
11,1627.542236328125,2026-09-26 14:22:16.083999,2026-09-26 14:29:31.671087,0 days 00:07:15.587088,0.0027018359348767256,6,1,4,6.6833439625121e-05,"[1627.542236328125, 1952.7652587890625, 1502.5191650390625]",COMPLETE
12,1880.7032470703125,2026-09-26 14:29:31.689559,2026-09-26 14:35:36.273354,0 days 00:06:04.583795,0.007622320819202198,6,1,8,9.072323805729408e-05,"[1909.127685546875, 1880.7032470703125, 1632.9796142578125]",COMPLETE
13,1609.162109375,2026-09-26 14:35:36.289538,2026-09-26 14:39:48.468908,0 days 00:04:12.179370,0.001739018159197894,6,2,4,0.00020900645676022342,"[1598.442138671875, 1891.8515625, 1609.162109375]",COMPLETE
14,1657.33837890625,2026-09-26 14:39:48.486125,2026-09-26 14:43:38.640603,0 days 00:03:50.154478,0.0025816584571228453,6,1,5,0.00023937191942813743,"[1657.33837890625, 2003.2425537109375, 1350.6329345703125]",COMPLETE
15,1680.4027099609375,2026-09-26 14:43:38.659102,2026-09-26 14:48:49.028398,0 days 00:05:10.369296,0.00018186612919256543,6,3,4,0.000221414248623339,"[1680.4027099609375, 2051.688232421875, 1400.810791015625]",COMPLETE
16,1588.8968505859375,2026-09-26 14:48:49.045293,2026-09-26 14:51:09.130765,0 days 00:02:20.085472,0.0013240405411823143,5,1,8,0.00042918736748381804,"[1588.8968505859375, 1928.697021484375, 1334.9515380859375]",COMPLETE
17,1633.5479736328125,2026-09-26 14:51:09.148096,2026-09-26 14:53:31.806229,0 days 00:02:22.658133,0.000977420770974561,5,2,9,0.00040558182623211535,"[1633.5479736328125, 1845.506103515625, 1385.9842529296875]",COMPLETE
18,1568.0841064453125,2026-09-26 14:53:31.821943,2026-09-26 14:56:48.387956,0 days 00:03:16.566013,0.0003069706551647355,5,2,7,0.0003927849405441176,"[1568.0841064453125, 1937.4766845703125, 1344.3223876953125]",COMPLETE
19,1792.159423828125,2026-09-26 14:56:48.404871,2026-09-26 15:00:34.623042,0 days 00:03:46.218171,0.00010946487877961502,3,1,7,0.0004894057592170779,"[1792.159423828125, 2072.609130859375, 1548.9578857421875]",COMPLETE
20,1616.009521484375,2026-09-26 15:00:34.638171,2026-09-26 15:03:10.070165,0 days 00:02:35.431994,0.0003583098729308459,5,0,10,0.0004578167218844136,"[1616.009521484375, 1985.007080078125, 1499.93212890625]",COMPLETE
21,1612.364990234375,2026-09-26 15:03:10.086043,2026-09-26 15:05:18.627405,0 days 00:02:08.541362,0.0003341622305165291,5,2,8,0.00021306531957350475,"[1612.364990234375, 2308.94580078125, 1398.8489990234375]",COMPLETE
22,1663.585205078125,2026-09-26 15:05:18.643790,2026-09-26 15:07:53.225369,0 days 00:02:34.581579,0.00130528190398122,7,2,6,0.00014387868110065367,"[1636.8621826171875, 1709.8162841796875, 1663.585205078125]",COMPLETE
23,1707.14208984375,2026-09-26 15:07:53.243006,2026-09-26 15:09:57.573880,0 days 00:02:04.330874,0.0037929481774125885,5,3,8,0.0003522069997960988,"[1707.14208984375, 1975.2503662109375, 1549.75244140625]",COMPLETE
24,1789.1248779296875,2026-09-26 15:09:57.589647,2026-09-26 15:16:04.648216,0 days 00:06:07.058569,5.562158291193704e-05,6,2,6,0.00015103406097788667,"[1789.1248779296875, 2151.09521484375, 1498.1431884765625]",COMPLETE
25,1618.3143310546875,2026-09-26 15:16:04.663975,2026-09-26 15:18:01.119143,0 days 00:01:56.455168,0.0013527997215769469,3,1,7,0.000639720812262261,"[1618.3143310546875, 1893.653076171875, 1564.4041748046875]",COMPLETE
26,1675.110595703125,2026-09-26 15:18:01.135941,2026-09-26 15:21:42.940628,0 days 00:03:41.804687,0.0005700884287085536,5,2,9,0.0001581512286521426,"[1675.110595703125, 1781.500244140625, 1238.2784423828125]",COMPLETE
27,1653.08251953125,2026-09-26 15:21:42.958331,2026-09-26 15:24:42.995452,0 days 00:03:00.037121,0.00025164307934312253,7,3,9,0.00033755723473994975,"[1653.08251953125, 1715.13818359375, 1567.8341064453125]",COMPLETE
28,1663.888671875,2026-09-26 15:24:43.011161,2026-09-26 15:26:55.301259,0 days 00:02:12.290098,0.0033105123193862126,6,1,7,0.0006798294326398201,"[1663.888671875, 1741.345947265625, 1560.158203125]",COMPLETE
29,1777.686767578125,2026-09-26 15:26:55.317493,2026-09-26 15:31:24.205817,0 days 00:04:28.888324,8.420510832047696e-05,4,2,3,0.00029631490580900625,"[1731.0623779296875, 2012.27099609375, 1777.686767578125]",COMPLETE
30,1853.0050048828125,2026-09-26 15:31:24.222229,2026-09-26 15:35:00.430747,0 days 00:03:36.208518,0.0001613874911559043,2,2,6,0.0005676076056081949,"[1853.0050048828125, 2055.2314453125, 1443.6683349609375]",COMPLETE
31,1663.93798828125,2026-09-26 15:35:00.446672,2026-09-26 15:37:28.460784,0 days 00:02:28.014112,0.0003554349227728061,5,2,8,0.00019805920624781396,"[1663.93798828125, 2176.74462890625, 1390.7542724609375]",COMPLETE
32,1645.0125732421875,2026-09-26 15:37:28.477092,2026-09-26 15:39:58.370044,0 days 00:02:29.892952,0.00023477253282850623,5,2,8,0.0009526261766589332,"[1645.0125732421875, 2046.5802001953125, 1595.9417724609375]",COMPLETE
33,1652.3583984375,2026-09-26 15:39:58.386269,2026-09-26 15:43:29.652446,0 days 00:03:31.266177,0.0004803357539638118,4,3,7,0.0002970787816662823,"[1652.3583984375, 2052.904541015625, 1365.7340087890625]",COMPLETE
34,1634.51953125,2026-09-26 15:43:29.669465,2026-09-26 15:47:00.044181,0 days 00:03:30.374716,0.0010038643032855286,6,2,9,0.0001750863537599092,"[1634.51953125, 1834.4544677734375, 1372.325927734375]",COMPLETE
35,1662.685791015625,2026-09-26 15:47:00.059817,2026-09-26 15:48:42.126594,0 days 00:01:42.066777,0.001567764511543634,5,1,5,0.0001256935767310123,"[1662.685791015625, 2100.080322265625, 1529.027099609375]",COMPLETE
36,1694.571533203125,2026-09-26 15:48:42.143274,2026-09-26 15:50:42.550370,0 days 00:02:00.407096,0.00433151932893,4,2,8,7.236247360177411e-05,"[1694.571533203125, 2116.7685546875, 1578.1334228515625]",COMPLETE
37,1712.7457275390625,2026-09-26 15:50:42.566154,2026-09-26 15:53:22.549253,0 days 00:02:39.983099,0.0008045689587017356,4,3,3,1.0433696140601212e-05,"[1712.7457275390625, 1875.06201171875, 1469.329833984375]",COMPLETE
38,1668.8275146484375,2026-09-26 15:53:22.565595,2026-09-26 15:59:22.535082,0 days 00:05:59.969487,6.841894587531708e-05,3,2,0,0.00027067910288266974,"[1668.8275146484375, 2125.821044921875, 1464.375732421875]",COMPLETE
39,2991.3203125,2026-09-26 15:59:22.551528,2026-09-26 16:07:34.503597,0 days 00:08:11.952069,1.001753654843392e-05,7,1,5,0.000813208242496115,"[2879.664306640625, 3542.718017578125, 2991.3203125]",COMPLETE
