number,value,datetime_start,datetime_complete,duration,params_batch_size,params_climate_lag_weeks,params_climate_multiplier,params_dem_elev_only,params_dem_size,params_dem_units,params_dropout,params_hidden_units,params_learning_rate,params_lightweight,params_local_dem_cfg,params_month_units,params_rain_lag_weeks,params_regional_dem_cfg,params_use_lag,params_weight_decay,user_attrs_fold_scores,user_attrs_fold_scores_raw,state
0,0.5682536714182548,2026-10-03 09:21:48.313068,2026-10-03 09:22:40.563714,0 days 00:00:52.250646,1024,1,4,1,8,16,0.46711173683342766,256,0.0007114476009343421,0,2,8,2,2,0,0.000291063591313307,"[0.7148762994764768, 0.5682536714182548, 0.5311160213032312]","[4114.666015625, 3111.386962890625, 2411.318603515625]",COMPLETE
1,0.5825771475382293,2026-10-03 09:22:40.621039,2026-10-03 09:24:38.141543,0 days 00:01:57.520504,64,3,5,1,6,64,0.4587399872866511,192,0.0002661901888489054,0,10,8,0,8,1,4.066563313514796e-05,"[0.7113765865523611, 0.5825771475382293, 0.5586003944883482]","[4094.5224609375, 3189.81298828125, 2536.100341796875]",COMPLETE
2,0.5393001694205759,2026-10-03 09:24:38.164182,2026-10-03 09:25:38.295363,0 days 00:01:00.131181,2048,0,13,1,8,32,0.6323276455457959,320,0.0009133995846860973,0,0,16,0,15,1,0.0003503398491158688,"[0.6764832508527443, 0.5393001694205759, 0.5339448727269599]","[3893.684326171875, 2952.8564453125, 2424.161865234375]",COMPLETE
3,0.5817885009105978,2026-10-03 09:25:38.317646,2026-10-03 09:27:31.006130,0 days 00:01:52.688484,1024,1,6,0,8,96,0.2908020849831183,384,3.35515102272148e-05,0,6,32,0,14,1,0.0006533305220227731,"[0.6918803674028388, 0.5817885009105978, 0.5493735292725841]","[3982.306640625, 3185.494873046875, 2494.20947265625]",COMPLETE
4,0.565531375802447,2026-10-03 09:27:31.027500,2026-10-03 09:29:36.433946,0 days 00:02:05.406446,64,2,10,1,8,96,0.5032813284435271,320,0.00012854549964879015,1,15,64,3,4,0,5.336533066379606e-05,"[0.7178612439412058, 0.565531375802447, 0.5480855269667416]","[4131.8466796875, 3096.4814453125, 2488.36181640625]",COMPLETE
5,0.608014267427677,2026-10-03 09:29:36.457063,2026-10-03 09:37:32.168724,0 days 00:07:55.711661,128,2,12,1,12,32,0.15586166068353952,192,1.1214075785991133e-06,0,10,16,0,3,0,0.00010572705046816883,"[0.9703119931210374, 0.608014267427677, 0.5569659780686849]","[5584.89599609375, 3329.090087890625, 2528.679931640625]",COMPLETE
6,0.692725536348374,2026-10-03 09:37:32.193086,2026-10-03 09:45:56.268852,0 days 00:08:24.075766,128,2,11,0,8,96,0.25912142060903526,128,1.0655924993232579e-06,0,0,32,2,3,1,1.5956700210656615e-05,"[0.99270679643673, 0.692725536348374, 0.5491019152258736]","[5713.79541015625, 3792.913818359375, 2492.976318359375]",COMPLETE
7,0.9626607680696703,2026-10-03 09:45:56.292041,2026-10-03 09:49:21.120211,0 days 00:03:24.828170,256,2,4,1,10,64,0.442036702053619,320,3.398850311078454e-06,1,14,8,3,7,0,0.0007601812767003312,"[0.9904468373467402, 0.9626607680696703, 0.5443702060201417]","[5700.78759765625, 5270.9033203125, 2471.493896484375]",COMPLETE
8,0.566901552894124,2026-10-03 09:49:21.143348,2026-10-03 09:50:17.252176,0 days 00:00:56.108828,512,3,13,1,4,32,0.593560336395795,256,0.0005491887821601531,1,12,16,2,12,1,0.00010536219210345832,"[0.696727148284535, 0.566901552894124, 0.5588468959316507]","[4010.20361328125, 3103.983642578125, 2537.219482421875]",COMPLETE
9,0.9888202436683818,2026-10-03 09:50:17.274516,2026-10-03 09:53:09.761612,0 days 00:02:52.487096,1024,2,4,0,5,16,0.43261243150684037,320,9.308279573713824e-06,0,7,64,1,1,0,0.0003893788781594568,"[0.9888202436683818, 0.6743802165850954, 1.0042328986934994]","[5691.42529296875, 3692.466796875, 4559.3154296875]",COMPLETE
10,0.5539268957081607,2026-10-03 09:53:09.786051,2026-10-03 09:58:02.173372,0 days 00:04:52.387321,2048,0,16,0,11,32,0.6953468170383679,128,4.748459024928738e-05,1,4,16,1,17,1,0.00022772345135632616,"[0.6626012994425434, 0.5539268957081607, 0.538106520457899]","[3813.782958984375, 3032.94287109375, 2443.05615234375]",COMPLETE
11,0.5462901281435953,2026-10-03 09:58:02.194368,2026-10-03 10:01:18.490479,0 days 00:03:16.296111,2048,0,16,0,12,32,0.6951230963526053,128,5.957319708513156e-05,1,3,16,1,18,1,0.00022180327418761257,"[0.6620047516827533, 0.5462901281435953, 0.5324477421242143]","[3810.349365234375, 2991.12890625, 2417.36474609375]",COMPLETE
12,0.5582326824579699,2026-10-03 10:01:18.512545,2026-10-03 10:03:30.472425,0 days 00:02:11.959880,2048,0,16,0,10,32,0.6895252130460037,128,0.00010067337897290128,1,0,16,1,18,1,0.0001994419480085392,"[0.6859446662929477, 0.5582326824579699, 0.5339318055692979]","[3948.14208984375, 3056.5185546875, 2424.1025390625]",COMPLETE
13,0.6405018533886879,2026-10-03 10:03:30.494838,2026-10-03 10:10:32.553089,0 days 00:07:02.058251,2048,0,14,0,6,32,0.5799549290900101,384,1.1338744633362199e-05,1,3,16,0,14,1,0.000490487654779405,"[0.765854071116094, 0.6405018533886879, 0.5658322865267388]","[4408.08251953125, 3506.970947265625, 2568.933837890625]",COMPLETE
14,0.549433210677759,2026-10-03 10:10:32.574196,2026-10-03 10:11:58.509712,0 days 00:01:25.935516,2048,1,9,1,10,32,0.5952161721395773,128,0.0002179363762313419,0,5,16,1,15,1,0.0001653392337630944,"[0.683286202780089, 0.549433210677759, 0.5473109617858234]","[3932.840576171875, 3008.33837890625, 2484.84521484375]",COMPLETE
15,0.5433420335498756,2026-10-03 10:11:58.531731,2026-10-03 10:12:53.705018,0 days 00:00:55.173287,2048,0,14,0,12,32,0.6253676305601868,320,0.0009168584999119996,1,2,16,0,11,1,4.814535004793568e-05,"[0.6508386110956526, 0.5433420335498756, 0.5350599906217601]","[3746.07958984375, 2974.987060546875, 2429.224609375]",COMPLETE
16,0.5375160275360605,2026-10-03 10:12:53.725920,2026-10-03 10:13:44.507002,0 days 00:00:50.781082,256,0,14,0,9,32,0.32898964695868826,320,0.0008788995867573632,0,1,16,0,11,1,3.896270495244617e-05,"[0.7049215359849281, 0.5375160275360605, 0.5298326435881662]","[4057.36865234375, 2943.087646484375, 2405.491943359375]",COMPLETE
17,0.5567888454870447,2026-10-03 10:13:44.526455,2026-10-03 10:14:35.263321,0 days 00:00:50.736866,256,1,9,1,9,16,0.33472299125917093,320,0.00035730545867636304,0,0,64,0,10,1,1.2877605131712484e-05,"[0.7172422153571346, 0.551567956307006, 0.5567888454870447]","[4128.28369140625, 3020.02685546875, 2527.875732421875]",COMPLETE
18,0.5416200801882531,2026-10-03 10:14:35.283604,2026-10-03 10:15:33.994431,0 days 00:00:58.710827,256,0,14,0,6,64,0.19429953568489905,320,0.00094362712307685,0,9,32,0,6,1,2.4495936999811876e-05,"[0.6720469358891005, 0.5253643951396503, 0.5416200801882531]","[3868.14990234375, 2876.55322265625, 2459.008056640625]",COMPLETE
19,0.5774590373722278,2026-10-03 10:15:34.016113,2026-10-03 10:16:24.706908,0 days 00:00:50.690795,512,1,12,1,7,32,0.36813855985379523,320,0.00016517913513188,0,1,16,1,12,1,6.907113611920748e-05,"[0.6942693155242223, 0.5774590373722278, 0.504493381457757]","[3996.056884765625, 3161.78955078125, 2290.44921875]",COMPLETE
20,0.5801462859902792,2026-10-03 10:16:24.727500,2026-10-03 10:18:32.317521,0 days 00:02:07.590021,256,0,8,0,9,32,0.24489634150369013,320,1.7070546280409875e-05,0,5,16,0,16,1,2.8740389270450393e-05,"[0.705303413081159, 0.5801462859902792, 0.5220088039302568]","[4059.566650390625, 3176.503173828125, 2369.970947265625]",COMPLETE
21,0.5319906855246268,2026-10-03 10:18:32.338277,2026-10-03 10:19:37.837337,0 days 00:01:05.499060,256,0,14,0,6,64,0.11450719008933585,320,0.00044402019019994753,0,9,32,0,6,1,2.640764943179605e-05,"[0.6728222274102498, 0.5319906855246268, 0.5267280912700631]","[3872.6123046875, 2912.83447265625, 2391.39697265625]",COMPLETE
22,0.5808696542404103,2026-10-03 10:19:37.858010,2026-10-03 10:20:32.606809,0 days 00:00:54.748799,256,0,15,0,4,64,0.1241079598122993,320,0.00041723024755115393,0,8,32,0,5,1,2.147306118491967e-05,"[0.6472064733915267, 0.5808696542404103, 0.5551170559209819]","[3725.173828125, 3180.4638671875, 2520.28564453125]",COMPLETE
23,0.5507397145979396,2026-10-03 10:20:32.629706,2026-10-03 10:21:26.234319,0 days 00:00:53.604613,256,1,13,0,7,64,0.5240277558133665,320,0.0005244770380486345,0,11,32,0,9,1,1.0702228841271677e-05,"[0.6409009839305372, 0.5507397145979396, 0.5348217166480966]","[3688.880859375, 3015.491943359375, 2428.142822265625]",COMPLETE
24,0.5519219042309128,2026-10-03 10:21:26.257113,2026-10-03 10:22:22.950578,0 days 00:00:56.693465,256,0,12,0,7,64,0.19432898457614275,192,0.00034134898920460365,0,7,32,1,13,1,3.1313792839468025e-05,"[0.654397283162694, 0.5519219042309128, 0.5469458879859584]","[3766.5625, 3021.96484375, 2483.187744140625]",COMPLETE
25,0.5721683229717286,2026-10-03 10:22:22.973059,2026-10-03 10:23:39.561358,0 days 00:01:16.588299,256,0,15,0,9,64,0.3755932992807587,384,7.219789102222006e-05,0,12,32,0,10,1,7.50067402920706e-05,"[0.636175260166762, 0.5721683229717286, 0.5375439873866975]","[3661.6806640625, 3132.821044921875, 2440.502197265625]",COMPLETE
26,0.5747051281159501,2026-10-03 10:23:39.583464,2026-10-03 10:24:29.818036,0 days 00:00:50.234572,512,1,13,1,5,96,0.10194950582322951,256,0.00021149727463674666,0,2,64,1,8,0,0.00013819719035978312,"[0.668098921395501, 0.5747051281159501, 0.5410034501598172]","[3845.426025390625, 3146.7109375, 2456.20849609375]",COMPLETE
27,0.562514088869578,2026-10-03 10:24:29.839317,2026-10-03 10:25:44.232356,0 days 00:01:14.393039,128,0,11,0,7,16,0.3170460494118479,320,0.000979285103758056,0,8,8,0,6,1,1.8386328814810442e-05,"[0.633456861928037, 0.5360070001250277, 0.562514088869578]","[3646.0341796875, 2934.8251953125, 2553.868896484375]",COMPLETE
28,0.5811886889337277,2026-10-03 10:25:44.251767,2026-10-03 10:27:37.778746,0 days 00:01:53.526979,64,1,15,1,9,32,0.21653703060721466,320,0.0005359700432132335,0,4,16,2,0,1,0.0009918746597454302,"[0.6637425618163284, 0.5811886889337277, 0.570447144153872]","[3820.351806640625, 3182.210693359375, 2589.8857421875]",COMPLETE
29,0.5539078561813897,2026-10-03 10:27:37.801439,2026-10-03 10:28:27.383801,0 days 00:00:49.582362,1024,0,11,1,5,16,0.5052363238694392,256,0.0005978349497689447,0,2,8,0,16,0,3.6837331873804364e-05,"[0.6759880364688173, 0.5539078561813897, 0.5244733881687911]","[3890.833984375, 3032.838623046875, 2381.160400390625]",COMPLETE
30,0.5693772710320779,2026-10-03 10:28:27.406083,2026-10-03 10:29:22.485913,0 days 00:00:55.079830,256,1,14,0,11,64,0.14919722578236588,320,9.688882803763569e-05,0,1,32,1,11,1,6.638496127262067e-05,"[0.7032694923168178, 0.5693772710320779, 0.5277134517515368]","[4047.85986328125, 3117.5390625, 2395.87060546875]",COMPLETE
31,0.5417969438983364,2026-10-03 10:29:22.508196,2026-10-03 10:30:12.454523,0 days 00:00:49.946327,256,0,14,0,6,64,0.19050990395181142,320,0.0009644949180417984,0,9,32,0,6,1,2.0897417191390907e-05,"[0.6535085271038997, 0.5201891218042801, 0.5417969438983364]","[3761.447021484375, 2848.216796875, 2459.81103515625]",COMPLETE
32,0.5616219730440132,2026-10-03 10:30:12.476762,2026-10-03 10:31:06.483975,0 days 00:00:54.007213,256,0,13,0,6,64,0.266972862314918,320,0.0007114274726784589,0,9,32,0,8,1,2.642762603869123e-05,"[0.6274228390244034, 0.5527884033497439, 0.5616219730440132]","[3611.3037109375, 3026.709228515625, 2549.818603515625]",COMPLETE
33,0.5410674953646544,2026-10-03 10:31:06.509245,2026-10-03 10:32:00.092966,0 days 00:00:53.583721,256,0,15,0,6,64,0.17785650085960505,192,0.0002868108840480466,0,10,32,0,6,1,4.4659706033289755e-05,"[0.6790785983910177, 0.5379844801549274, 0.5410674953646544]","[3908.62255859375, 2945.652587890625, 2456.499267578125]",COMPLETE
34,0.5294218654384344,2026-10-03 10:32:00.115976,2026-10-03 10:34:00.935737,0 days 00:02:00.819761,64,0,15,0,8,64,0.15886047878868126,192,0.000276848763565696,0,11,32,0,4,1,4.523482267791674e-05,"[0.7048446770158767, 0.5294218654384344, 0.5186129023931719]","[4056.92626953125, 2898.769287109375, 2354.55322265625]",COMPLETE
35,0.5376065269108163,2026-10-03 10:34:00.958099,2026-10-03 10:36:02.248295,0 days 00:02:01.290196,64,0,15,0,8,96,0.10316011691838267,192,0.00014928939665816802,0,12,8,0,4,1,3.328345174233826e-05,"[0.6495675961907813, 0.5366343681383017, 0.5376065269108163]","[3738.763916015625, 2938.26025390625, 2440.7861328125]",COMPLETE
36,0.5785471686749579,2026-10-03 10:36:02.268577,2026-10-03 10:38:03.325609,0 days 00:02:01.057032,64,3,16,0,8,96,0.1259700322531765,192,0.00016365900752538204,0,13,8,0,4,1,3.904309286558748e-05,"[0.6800604165790056, 0.536663083490153, 0.5785471686749579]","[3914.273681640625, 2938.41748046875, 2626.66064453125]",COMPLETE
37,0.5501715400532581,2026-10-03 10:38:03.348079,2026-10-03 10:39:58.901684,0 days 00:01:55.553605,64,0,15,0,8,96,0.10557065757365511,192,0.00023394555855398624,0,11,8,0,2,0,1.5507544273354273e-05,"[0.68487555464011, 0.546380108857937, 0.5501715400532581]","[3941.988525390625, 2991.62158203125, 2497.83251953125]",COMPLETE
38,0.5513401954106447,2026-10-03 10:39:58.924728,2026-10-03 10:42:17.763781,0 days 00:02:18.839053,64,1,12,0,8,96,0.22908357690206793,192,3.266742851455075e-05,0,15,8,2,4,1,8.445983309928532e-05,"[0.6871855229599627, 0.5513401954106447, 0.5342916094866489]","[3955.2841796875, 3018.77978515625, 2425.736083984375]",COMPLETE
39,0.5380980484797183,2026-10-03 10:42:17.784049,2026-10-03 10:44:18.456403,0 days 00:02:00.672354,64,0,15,0,9,96,0.1604069707540419,192,0.00012490925446648462,0,13,8,3,2,1,5.3870791506384825e-05,"[0.640273132683352, 0.5380980484797183, 0.5292758643682809]","[3685.26708984375, 2946.2744140625, 2402.964111328125]",COMPLETE
