number,value,datetime_start,datetime_complete,duration,params_batch_size,params_climate_lag_weeks,params_climate_multiplier,params_dem_size,params_dem_units,params_dropout,params_hidden_units,params_learning_rate,params_local_dem_cfg,params_month_units,params_rain_lag_weeks,params_regional_dem_cfg,params_weight_decay,user_attrs_fold_scores,user_attrs_fold_scores_raw,state
0,0.5778638337806211,2026-09-27 12:15:00.224448,2026-09-27 12:15:41.740492,0 days 00:00:41.516044,2048,1,4,11,16,0.34474115788895177,256,0.0007114476009343421,1,8,2,1,0.000291063591313307,"[0.6358905527299455, 0.5778638337806211, 0.5296279418134565]","[3913.38720703125, 3155.8046875, 2407.25830078125]",COMPLETE
1,0.6820782483460501,2026-09-27 12:15:41.762331,2026-09-27 12:17:41.865670,0 days 00:02:00.103339,2048,0,4,10,32,0.2246844304357644,256,3.489018845491386e-05,4,16,0,1,0.00015304852121831474,"[0.6820782483460501, 1.0103818266221096, 0.5436594058104038]","[4197.634765625, 5517.85302734375, 2471.033935546875]",COMPLETE
2,0.5846276281231523,2026-09-27 12:17:41.885377,2026-09-27 12:18:16.829775,0 days 00:00:34.944398,256,3,4,4,96,0.10220884684944097,256,0.00048359527764659497,0,32,3,2,0.0001569639638866114,"[0.6594692952139392, 0.5603002490601234, 0.5846276281231523]","[4058.4951171875, 3059.88720703125, 2657.2421875]",COMPLETE
3,0.9952330235698713,2026-09-27 12:18:16.847658,2026-09-27 12:19:05.104835,0 days 00:00:48.257177,1024,1,8,8,96,0.11016765069763808,192,2.2264204303769692e-06,2,64,2,0,0.0005323617594751496,"[0.9871851021059734, 0.9952330235698713, 1.0209494632028382]","[6075.318359375, 5435.123046875, 4640.40673828125]",COMPLETE
4,0.9896722948248492,2026-09-27 12:19:05.121712,2026-09-27 12:19:48.205427,0 days 00:00:43.083715,1024,3,7,8,32,0.1911740650167767,256,5.595986878006084e-06,1,64,3,0,6.618595597183474e-05,"[0.9896722948248492, 0.9883370194040868, 0.9946557700108631]","[6090.625, 5397.462890625, 4520.89697265625]",COMPLETE
5,0.9851358736530219,2026-09-27 12:19:48.223815,2026-09-27 12:21:13.134108,0 days 00:01:24.910293,2048,1,10,6,64,0.46330635438666146,192,4.637921903458029e-06,7,16,1,3,1.736723715159314e-05,"[0.9851358736530219, 0.9913016717499156, 0.9553575725698885]","[6062.70703125, 5413.6533203125, 4342.279296875]",COMPLETE
6,0.5537579776171225,2026-09-27 12:21:13.152914,2026-09-27 12:21:45.400965,0 days 00:00:32.248051,512,2,12,5,64,0.37637509524098645,320,0.00019268985325226193,2,64,2,6,2.9872741995638415e-05,"[0.6726712995669232, 0.5514581497450746, 0.5537579776171225]","[4139.74267578125, 3011.59912109375, 2516.933837890625]",COMPLETE
7,0.5540940420126232,2026-09-27 12:21:45.420611,2026-09-27 12:22:22.005096,0 days 00:00:36.584485,256,3,10,9,96,0.1646514856378455,128,0.00042856634196503465,6,64,2,6,3.280071082578532e-05,"[0.6457573243176168, 0.5540940420126232, 0.5485624282379715]","[3974.109130859375, 3025.994140625, 2493.319091796875]",COMPLETE
8,0.7193231420952845,2026-09-27 12:22:22.023402,2026-09-27 12:25:22.101112,0 days 00:03:00.077710,512,0,13,8,64,0.45681862207084534,320,3.0368556852449663e-06,5,8,2,2,0.00012516058337570362,"[0.7193231420952845, 0.9796387805638687, 0.5855928166639165]","[4426.8466796875, 5349.96044921875, 2661.629150390625]",COMPLETE
9,0.5566415973322957,2026-09-27 12:25:22.120479,2026-09-27 12:25:55.761907,0 days 00:00:33.641428,512,0,16,4,16,0.16779709867443698,128,0.0001470132050489898,5,32,0,1,3.643717721784671e-05,"[0.6448239923172181, 0.5566415973322957, 0.5251617223918155]","[3968.365234375, 3039.90673828125, 2386.95849609375]",COMPLETE
10,0.5947652490315123,2026-09-27 12:25:55.779635,2026-09-27 12:26:36.944093,0 days 00:00:41.164458,512,2,14,6,64,0.33618987583749194,320,4.748459024928738e-05,3,64,1,9,1.0353677627159783e-05,"[0.6687695298739235, 0.5947652490315123, 0.5554865508504875]","[4115.73046875, 3248.10595703125, 2524.79052734375]",COMPLETE
11,0.5688725863035078,2026-09-27 12:26:36.967665,2026-09-27 12:27:18.617297,0 days 00:00:41.649632,256,2,11,10,96,0.28156924797704524,128,0.000182903305943703,7,64,2,7,3.0208778601692776e-05,"[0.6594032038672879, 0.5549513038104339, 0.5688725863035078]","[4058.08837890625, 3030.67578125, 2585.632568359375]",COMPLETE
12,0.5739452228666091,2026-09-27 12:27:18.635043,2026-09-27 12:28:01.727942,0 days 00:00:43.092899,256,3,11,6,64,0.39193393181268055,384,0.000136751911840682,5,64,3,5,3.752261844872064e-05,"[0.6596138948289115, 0.5739452228666091, 0.5672813600064629]","[4059.385009765625, 3134.404541015625, 2578.400146484375]",COMPLETE
13,0.5567166122100975,2026-09-27 12:28:01.746086,2026-09-27 12:28:45.049552,0 days 00:00:43.303466,256,2,9,12,96,0.2757293757211194,320,0.000994469276761771,3,64,1,6,5.412040561477296e-05,"[0.6781836193747774, 0.5567166122100975, 0.53043413663834]","[4173.66650390625, 3040.31640625, 2410.922607421875]",COMPLETE
14,0.5789548290258928,2026-09-27 12:28:45.066354,2026-09-27 12:29:23.317819,0 days 00:00:38.251465,512,3,13,9,96,0.4048780403860723,128,0.00028425598449540303,6,64,2,8,1.6831960315378442e-05,"[0.6544886814800146, 0.5694473254290243, 0.5789548290258928]","[4027.843505859375, 3109.8408203125, 2631.458251953125]",COMPLETE
15,0.5633067319658155,2026-09-27 12:29:23.336299,2026-09-27 12:30:13.576751,0 days 00:00:50.240452,256,2,6,7,64,0.2426815878832284,384,8.388720349290673e-05,2,64,1,5,1.8678162888517957e-05,"[0.6835103597590816, 0.5535302681008486, 0.5633067319658155]","[4206.4482421875, 3022.915283203125, 2560.334716796875]",COMPLETE
16,0.584580198578854,2026-09-27 12:30:13.596127,2026-09-27 12:30:58.859973,0 days 00:00:45.263846,512,3,12,5,32,0.34027971982988553,320,0.0003774410073715618,6,32,3,4,7.70709430905132e-05,"[0.652517802612679, 0.5719135624753229, 0.584580198578854]","[4015.71435546875, 3123.309326171875, 2657.026611328125]",COMPLETE
17,0.5736298742682696,2026-09-27 12:30:58.878707,2026-09-27 12:32:52.819363,0 days 00:01:53.940656,1024,2,15,9,16,0.41719791981438853,128,2.1361953844239007e-05,4,8,2,10,1.0269586995768303e-05,"[0.68000735970386, 0.5736298742682696, 0.5726526081844808]","[4184.89013671875, 3132.682373046875, 2602.8134765625]",COMPLETE
18,0.5913254279513839,2026-09-27 12:32:52.839111,2026-09-27 12:34:10.451491,0 days 00:01:17.612380,256,3,9,7,64,0.19628310444410213,128,1.4728723125075485e-05,2,16,1,6,0.0008351302863963851,"[0.677070063492124, 0.5913254279513839, 0.5463788966351774]","[4166.8134765625, 3229.320556640625, 2483.39453125]",COMPLETE
19,0.5753375133041881,2026-09-27 12:34:10.475340,2026-09-27 12:35:07.092990,0 days 00:00:56.617650,512,2,12,5,96,0.4997653976350741,320,7.144416104897102e-05,0,64,3,7,3.056103632760764e-05,"[0.6734428942202046, 0.5753375133041881, 0.5469122238665897]","[4144.4912109375, 3142.008056640625, 2485.818603515625]",COMPLETE
20,0.5522940425848464,2026-09-27 12:35:07.113338,2026-09-27 12:35:51.964404,0 days 00:00:44.851066,512,1,6,12,64,0.13680810223949574,192,0.00024205876280575242,6,64,2,4,5.0236015333669526e-05,"[0.6762027831677003, 0.5522940425848464, 0.5192963045563301]","[4161.47607421875, 3016.1640625, 2360.299072265625]",COMPLETE
21,0.5668361549894997,2026-09-27 12:35:51.983790,2026-09-27 12:36:30.335626,0 days 00:00:38.351836,512,1,6,12,64,0.1379610092387873,192,0.0002646575267751184,6,64,2,4,4.92619268553593e-05,"[0.6832288566403317, 0.5668361549894997, 0.5380009483760296]","[4204.7158203125, 3095.580810546875, 2445.315185546875]",COMPLETE
22,1.0029259503983252,2026-09-27 12:36:30.353479,2026-09-27 12:37:19.948811,0 days 00:00:49.595332,512,1,6,11,64,0.1493915347941589,192,1.064632419458042e-06,7,64,2,6,9.632725582441992e-05,"[1.0029259503983252, 1.0010186466064306, 1.0075803476891767]","[6172.1904296875, 5466.71923828125, 4579.6416015625]",COMPLETE
23,0.562313893363356,2026-09-27 12:37:19.969308,2026-09-27 12:37:58.822224,0 days 00:00:38.852916,512,1,10,10,64,0.23812868460116896,192,0.000539176152450596,4,64,2,4,2.2100973183336077e-05,"[0.6407930152316355, 0.562313893363356, 0.5557241282847242]","[3943.557861328125, 3070.884033203125, 2525.870361328125]",COMPLETE
24,0.5663272340306826,2026-09-27 12:37:58.840977,2026-09-27 12:38:46.818192,0 days 00:00:47.977215,512,2,8,11,64,0.3715744324037537,384,8.848851230686021e-05,6,64,1,8,4.7192420357673e-05,"[0.6760667127481242, 0.5663272340306826, 0.5351683356709707]","[4160.638671875, 3092.801513671875, 2432.4404296875]",COMPLETE
25,0.5531567136795665,2026-09-27 12:38:46.837478,2026-09-27 12:39:34.360522,0 days 00:00:47.523044,256,1,14,9,96,0.13702697522625992,192,0.00023117544779967814,5,64,2,7,2.7883569672177937e-05,"[0.6902452504679553, 0.5531567136795665, 0.5474851383846926]","[4247.89599609375, 3020.875244140625, 2488.422607421875]",COMPLETE
26,0.584783039806703,2026-09-27 12:39:34.391440,2026-09-27 12:40:15.806711,0 days 00:00:41.415271,1024,1,15,7,16,0.31099352869484836,192,0.00020038845779481152,5,8,3,7,2.3625235553000646e-05,"[0.6651272064036723, 0.584783039806703, 0.5505623113561047]","[4093.31494140625, 3193.591552734375, 2502.408935546875]",COMPLETE
27,0.6158969132853047,2026-09-27 12:40:15.853292,2026-09-27 12:44:56.649589,0 days 00:04:40.796297,2048,0,14,12,32,0.20437685737574748,192,1.338887026319086e-05,4,16,2,8,7.935274119445291e-05,"[0.693595518419571, 0.6158969132853047, 0.547940956179613]","[4268.51416015625, 3363.50927734375, 2490.494384765625]",COMPLETE
28,0.5849526056180868,2026-09-27 12:44:56.677035,2026-09-27 12:45:53.368413,0 days 00:00:56.691378,512,1,12,5,64,0.11656692943641903,192,5.96272930935115e-05,3,32,1,3,1.5360885609967358e-05,"[0.6730023116896471, 0.5849526056180868, 0.5181556320730718]","[4141.77978515625, 3194.517578125, 2355.114501953125]",COMPLETE
29,0.5637945654537443,2026-09-27 12:45:53.388270,2026-09-27 12:46:38.193785,0 days 00:00:44.805515,2048,1,13,11,16,0.3704095872082991,320,0.0009638582180270978,1,8,2,5,0.00025480120243916176,"[0.6480629840219211, 0.5637945654537443, 0.5564925083879928]","[3988.298583984375, 3078.97021484375, 2529.36279296875]",COMPLETE
30,0.5706375495688298,2026-09-27 12:46:38.212384,2026-09-27 12:47:28.006128,0 days 00:00:49.793744,256,1,16,10,96,0.2599669082686421,192,0.00014203592445185718,1,64,3,9,5.515124540607886e-05,"[0.6450087783272431, 0.5706375495688298, 0.5374029493764009]","[3969.50244140625, 3116.3408203125, 2442.59716796875]",COMPLETE
31,0.5453922714826874,2026-09-27 12:47:28.024145,2026-09-27 12:48:16.766494,0 days 00:00:48.742349,256,2,11,9,96,0.1612875054833884,128,0.0005405839246866493,6,64,2,6,2.8853033429483502e-05,"[0.6569746840786025, 0.5453922714826874, 0.5426371191885648]","[4043.142822265625, 2978.472412109375, 2466.387451171875]",COMPLETE
32,0.5809980966427668,2026-09-27 12:48:16.793088,2026-09-27 12:49:03.644920,0 days 00:00:46.851832,256,2,11,9,96,0.14143788679548924,256,0.000656102102225981,5,64,2,7,2.352793606139627e-05,"[0.645995903764652, 0.5809980966427668, 0.5663704764139268]","[3975.577392578125, 3172.92138671875, 2574.260009765625]",COMPLETE
33,0.5698213716045709,2026-09-27 12:49:03.662680,2026-09-27 12:49:50.163055,0 days 00:00:46.500375,256,2,14,9,96,0.12475334611752664,192,0.0002941612371160676,7,64,2,6,1.3388660173026815e-05,"[0.6571806145590747, 0.5698213716045709, 0.5432028897322718]","[4044.41015625, 3111.883544921875, 2468.958984375]",COMPLETE
34,0.5748701679331872,2026-09-27 12:49:50.181330,2026-09-27 12:50:39.463066,0 days 00:00:49.281736,256,1,5,10,96,0.22077804953792535,320,0.0006207387885662884,6,64,2,4,4.1745384171590306e-05,"[0.6586440261356763, 0.5748701679331872, 0.5591741307770581]","[4053.416259765625, 3139.455810546875, 2541.55126953125]",COMPLETE
35,0.6941898644913173,2026-09-27 12:50:39.481221,2026-09-27 12:54:06.865175,0 days 00:03:27.383954,2048,0,4,8,32,0.1799334535899072,128,3.275130307665836e-05,4,16,0,3,2.7103296453227067e-05,"[0.6941898644913173, 1.0090800189691973, 0.5511734703085681]","[4272.171875, 5510.74365234375, 2505.186767578125]",COMPLETE
36,0.5897836889223321,2026-09-27 12:54:06.882971,2026-09-27 12:54:56.867957,0 days 00:00:49.984986,1024,2,9,4,96,0.30896289473131855,256,9.795919330503602e-05,5,64,2,5,6.630884442582517e-05,"[0.6800854315947421, 0.5897836889223321, 0.5619727961752128]","[4185.37060546875, 3220.90087890625, 2554.271728515625]",COMPLETE
37,0.5536647836654154,2026-09-27 12:54:56.887842,2026-09-27 12:55:42.749717,0 days 00:00:45.861875,256,2,12,7,96,0.10180807010973246,192,0.00036603413971578506,2,32,3,7,0.00016400435872237018,"[0.6988522797309503, 0.5514104495814187, 0.5536647836654154]","[4300.865234375, 3011.338623046875, 2516.51025390625]",COMPLETE
38,0.5565681378312226,2026-09-27 12:55:42.768557,2026-09-27 12:56:19.115796,0 days 00:00:36.347239,256,1,8,7,96,0.10280959483491187,192,0.00038512384603516913,7,32,3,9,0.0002522182974327043,"[0.6673479708607775, 0.5558666820213211, 0.5565681378312226]","[4106.98193359375, 3035.6748046875, 2529.70654296875]",COMPLETE
39,0.539901745709757,2026-09-27 12:56:19.133765,2026-09-27 12:56:55.551480,0 days 00:00:36.417715,256,1,13,8,96,0.15744210715711873,192,0.0007013649460750734,6,32,3,8,0.00019323628288051969,"[0.655404518712182, 0.539901745709757, 0.5128872463835376]","[4033.479736328125, 2948.48779296875, 2331.168701171875]",COMPLETE
40,0.5512654267783265,2026-09-27 12:56:55.570445,2026-09-27 12:57:30.241801,0 days 00:00:34.671356,256,0,15,8,96,0.16096089585866113,192,0.0007828088664020933,6,32,3,8,0.00019187639800360116,"[0.6174277803272799, 0.5512654267783265, 0.5223901826107283]","[3799.763916015625, 3010.546630859375, 2374.361328125]",COMPLETE
41,0.5589696412242344,2026-09-27 12:57:30.259756,2026-09-27 12:58:05.200259,0 days 00:00:34.940503,256,0,15,8,96,0.15413702742647606,192,0.0007757379447557519,6,32,3,8,0.00037912916399643424,"[0.6568024340022761, 0.5463811893085828, 0.5589696412242344]","[4042.082763671875, 2983.873046875, 2540.621826171875]",COMPLETE
42,0.5543672338590157,2026-09-27 12:58:05.218608,2026-09-27 12:58:41.058682,0 days 00:00:35.840074,256,0,14,8,96,0.17963548024751513,192,0.0005265184388621482,6,32,3,10,0.00017955374992971037,"[0.6463147766604399, 0.5543672338590157, 0.5334746228840944]","[3977.539794921875, 3027.486083984375, 2424.7421875]",COMPLETE
43,0.5448559409505933,2026-09-27 12:58:41.078363,2026-09-27 12:59:19.097722,0 days 00:00:38.019359,256,0,13,9,96,0.1282531322269902,192,0.0007354816040162739,5,32,3,9,0.00011320335331986903,"[0.6180692551624244, 0.5434115300102428, 0.5448559409505933]","[3803.711669921875, 2967.6552734375, 2476.472412109375]",COMPLETE
44,0.5773252508663009,2026-09-27 12:59:19.117494,2026-09-27 12:59:55.595918,0 days 00:00:36.478424,256,0,13,8,96,0.16541915836127474,192,0.0007581581177763288,7,32,3,9,0.00012336509251352802,"[0.6204185922812924, 0.539173189414444, 0.5773252508663009]","[3818.169921875, 2944.509033203125, 2624.051513671875]",COMPLETE
45,0.5528442709018809,2026-09-27 12:59:55.614325,2026-09-27 13:00:34.032942,0 days 00:00:38.418617,256,0,11,10,96,0.2086865556285773,192,0.0004391021967508864,6,32,3,10,0.0003756503057063996,"[0.6509660841107199, 0.5528442709018809, 0.5263677112124088]","[4006.164794921875, 3019.1689453125, 2392.43994140625]",COMPLETE
46,0.5701567927178882,2026-09-27 13:00:34.051703,2026-09-27 13:01:11.147516,0 days 00:00:37.095813,256,0,16,9,96,0.12420380700522778,256,0.0008812104804546931,7,32,3,8,0.00021835573779741086,"[0.6318799663719612, 0.5701567927178882, 0.5622006513585798]","[3888.705322265625, 3113.71533203125, 2555.307373046875]",COMPLETE
47,0.5495883659166728,2026-09-27 13:01:11.165406,2026-09-27 13:01:47.659758,0 days 00:00:36.494352,256,0,15,11,96,0.18431404676048935,128,0.0005712556702319924,5,32,3,9,0.0001160712680084882,"[0.62333518040002, 0.5495883659166728, 0.5268285244179971]","[3836.119140625, 3001.387939453125, 2394.534423828125]",COMPLETE
48,0.555370278443782,2026-09-27 13:01:47.677996,2026-09-27 13:02:25.034514,0 days 00:00:37.356518,256,0,15,11,96,0.18494850282845868,128,0.0005468976297335668,5,32,3,9,0.00013074207941744245,"[0.6302719948510636, 0.555370278443782, 0.5375680127848136]","[3878.8095703125, 3032.9638671875, 2443.347412109375]",COMPLETE
49,0.5442071884101924,2026-09-27 13:02:25.052372,2026-09-27 13:03:01.196301,0 days 00:00:36.143929,256,0,13,8,96,0.15965857495407804,128,0.000686060813064794,5,32,3,9,0.00010424110864559455,"[0.6423810324023737, 0.5442071884101924, 0.5222469808382493]","[3953.330810546875, 2972.00048828125, 2373.71044921875]",COMPLETE
