number,value,datetime_start,datetime_complete,duration,params_batch_size,params_climate_lag_weeks,params_climate_multiplier,params_dem_elev_only,params_dem_size,params_dem_units,params_dropout,params_hidden_units,params_learning_rate,params_lightweight,params_local_dem_cfg,params_month_units,params_rain_lag_weeks,params_regional_dem_cfg,params_use_lag,params_weight_decay,user_attrs_fold_scores,user_attrs_fold_scores_raw,state
0,0.5696193896043649,2026-09-28 10:51:02.284095,2026-09-28 10:51:45.046630,0 days 00:00:42.762535,1024,1,4,1,8,16,0.46711173683342766,256,0.0007114476009343421,0,1,8,2,1,0,0.000291063591313307,"[0.7032632146526789, 0.5696193896043649, 0.5494580087157404]","[4047.82373046875, 3118.86474609375, 2494.593017578125]",COMPLETE
1,0.5614469914348277,2026-09-28 10:51:45.073111,2026-09-28 10:53:57.564519,0 days 00:02:12.491408,64,3,5,1,6,64,0.4587399872866511,192,0.0002661901888489054,0,5,8,0,4,1,4.066563313514796e-05,"[0.7031444904504852, 0.5601128245793424, 0.5614469914348277]","[4047.140380859375, 3066.81298828125, 2549.024169921875]",COMPLETE
2,0.5402871763324198,2026-09-28 10:53:57.588945,2026-09-28 10:55:00.572882,0 days 00:01:02.983937,2048,0,13,1,8,32,0.6323276455457959,320,0.0009133995846860973,0,0,16,0,8,1,0.0003503398491158688,"[0.6837022676958868, 0.5399597753210992, 0.5402871763324198]","[3935.2353515625, 2956.468017578125, 2452.95654296875]",COMPLETE
3,0.58875268715944,2026-09-28 10:55:00.591422,2026-09-28 10:57:01.139294,0 days 00:02:00.547872,1024,1,6,0,8,96,0.2908020849831183,384,3.35515102272148e-05,0,3,32,0,8,1,0.0006533305220227731,"[0.7469469343960344, 0.58875268715944, 0.5522740618533639]","[4299.25732421875, 3223.626220703125, 2507.378173828125]",COMPLETE
4,0.5678760467057873,2026-09-28 10:57:01.159321,2026-09-28 10:58:53.748960,0 days 00:01:52.589639,64,2,10,1,8,96,0.5032813284435271,320,0.00012854549964879015,1,7,64,3,2,0,5.336533066379606e-05,"[0.7516860618210791, 0.5678760467057873, 0.5451034187556194]","[4326.53466796875, 3109.3193359375, 2474.82275390625]",COMPLETE
5,0.5696193896043649,2026-09-28 11:27:45.384924,2026-09-28 11:28:41.537225,0 days 00:00:56.152301,1024,1,4,1,8,16,0.46711173683342766,256,0.0007114476009343421,0,1,8,2,1,0,0.000291063591313307,"[0.7032632146526789, 0.5696193896043649, 0.5494580087157404]","[4047.82373046875, 3118.86474609375, 2494.593017578125]",COMPLETE
6,0.5614469914348277,2026-09-28 11:28:41.561225,2026-09-28 11:31:41.905791,0 days 00:03:00.344566,64,3,5,1,6,64,0.4587399872866511,192,0.0002661901888489054,0,5,8,0,4,1,4.066563313514796e-05,"[0.7031444904504852, 0.5601128245793424, 0.5614469914348277]","[4047.140380859375, 3066.81298828125, 2549.024169921875]",COMPLETE
7,0.5402871763324198,2026-09-28 11:31:41.927500,2026-09-28 11:32:52.019816,0 days 00:01:10.092316,2048,0,13,1,8,32,0.6323276455457959,320,0.0009133995846860973,0,0,16,0,8,1,0.0003503398491158688,"[0.6837022676958868, 0.5399597753210992, 0.5402871763324198]","[3935.2353515625, 2956.468017578125, 2452.95654296875]",COMPLETE
8,0.5902103033892855,2026-09-28 11:32:52.044660,2026-09-28 11:35:17.050436,0 days 00:02:25.005776,1024,1,6,0,8,96,0.2908020849831183,384,3.35515102272148e-05,0,3,32,0,8,1,0.0006533305220227731,"[0.7473266482431363, 0.5902103033892855, 0.552274223176298]","[4301.44287109375, 3231.607177734375, 2507.37890625]",COMPLETE
9,0.5678760467057873,2026-09-28 11:35:17.074194,2026-09-28 11:38:01.348645,0 days 00:02:44.274451,64,2,10,1,8,96,0.5032813284435271,320,0.00012854549964879015,1,7,64,3,2,0,5.336533066379606e-05,"[0.7516860618210791, 0.5678760467057873, 0.5451034187556194]","[4326.53466796875, 3109.3193359375, 2474.82275390625]",COMPLETE
10,0.9788580992541678,2026-09-28 11:38:01.372028,2026-09-28 11:40:01.480331,0 days 00:02:00.108303,512,0,16,0,12,32,0.1170869746839831,128,1.042297146664848e-06,1,0,16,1,6,1,1.0353677627159783e-05,"[1.0015930845251846, 0.9788580992541678, 0.959876405122756]","[5764.94287109375, 5359.58935546875, 4357.9326171875]",COMPLETE
11,0.9293088678535559,2026-09-28 11:40:01.505074,2026-09-28 11:45:14.801748,0 days 00:05:13.296674,2048,0,14,1,11,32,0.6951230963526053,320,2.939866261719673e-06,0,0,16,1,10,1,0.00020736157491422987,"[0.9568111977240243, 0.9293088678535559, 0.9130540367300056]","[5507.1884765625, 5088.2900390625, 4145.3544921875]",COMPLETE
12,0.5563681690492271,2026-09-28 11:45:14.822065,2026-09-28 11:46:06.254710,0 days 00:00:51.432645,2048,0,13,1,10,32,0.6850820116845003,320,0.0009761026892360083,0,2,16,1,10,1,0.00014738278840703743,"[0.6456617438468711, 0.540942027628449, 0.5563681690492271]","[3716.28271484375, 2961.84619140625, 2525.9658203125]",COMPLETE
13,0.5575618401154179,2026-09-28 11:46:06.274560,2026-09-28 11:48:53.323290,0 days 00:02:47.048730,128,0,12,1,4,32,0.5999393051454142,320,1.1338744633362199e-05,0,0,16,0,7,1,0.0009233626716608491,"[0.7592121327905812, 0.5575618401154179, 0.545833673903972]","[4369.85302734375, 3052.845458984375, 2478.13818359375]",COMPLETE
14,0.5377365204163477,2026-09-28 11:48:53.346580,2026-09-28 11:49:35.872969,0 days 00:00:42.526389,256,0,16,0,10,32,0.6076512144752152,128,0.0002648107707751964,1,2,16,1,8,1,0.0004071751174537291,"[0.6891627326638063, 0.5377365204163477, 0.5277196895716554]","[3966.66455078125, 2944.294921875, 2395.89892578125]",COMPLETE
15,0.5334633728552887,2026-09-28 11:49:35.893762,2026-09-28 11:50:23.713297,0 days 00:00:47.819535,256,0,16,0,10,32,0.580491520040735,128,0.00024688434457888236,1,2,16,1,6,1,0.00011167614139263353,"[0.6698266363664744, 0.5334633728552887, 0.5175728534370388]","[3855.370361328125, 2920.89794921875, 2349.831298828125]",COMPLETE
16,0.5560390346861831,2026-09-28 11:50:23.736736,2026-09-28 11:51:12.186890,0 days 00:00:48.450154,256,2,16,0,10,32,0.5609435978360993,128,8.297048853316295e-05,1,4,16,2,5,1,0.00010376186955748946,"[0.6762770211024528, 0.5560390346861831, 0.5364138126847148]","[3892.497314453125, 3044.507568359375, 2435.37109375]",COMPLETE
17,0.5612027148670792,2026-09-28 11:51:12.207185,2026-09-28 11:51:55.552471,0 days 00:00:43.345286,256,1,15,0,10,32,0.3490848139419872,128,0.00028892121430521873,1,2,16,1,6,1,1.2877605131712484e-05,"[0.6771295533424998, 0.5612027148670792, 0.5217122923773838]","[3897.404296875, 3072.780517578125, 2368.624755859375]",COMPLETE
18,0.56200794862342,2026-09-28 11:51:55.573840,2026-09-28 11:55:40.048911,0 days 00:03:44.475071,256,0,8,0,12,16,0.5494176604161974,128,1.3021781604548327e-05,1,2,32,1,9,0,0.00011164255532158136,"[0.7027257532857634, 0.56200794862342, 0.525817261984143]","[4044.730224609375, 3077.189453125, 2387.26171875]",COMPLETE
19,0.5725260163763116,2026-09-28 11:55:40.071479,2026-09-28 11:56:29.017882,0 days 00:00:48.946403,256,1,11,0,11,64,0.384539932238279,128,6.677602094614216e-05,1,4,64,2,6,1,2.071022703775657e-05,"[0.674278475823867, 0.5725260163763116, 0.5213125879209991]","[3880.994140625, 3134.779541015625, 2366.81005859375]",COMPLETE
20,0.5374310407959538,2026-09-28 11:56:29.038365,2026-09-28 11:57:10.096207,0 days 00:00:41.057842,256,0,15,0,9,32,0.13762953886417895,128,0.0003807505292296933,1,1,16,1,5,1,0.00019868355991806865,"[0.706684838524905, 0.5374310407959538, 0.5360912205908291]","[4067.517822265625, 2942.622314453125, 2433.906494140625]",COMPLETE
21,0.5463997280424316,2026-09-28 11:57:10.116946,2026-09-28 11:57:57.116523,0 days 00:00:46.999577,256,0,15,0,9,32,0.1284632718173202,128,0.00035682124789696945,1,1,16,1,4,1,0.00020266936430832406,"[0.7145848122605156, 0.5463997280424316, 0.5436536095468761]","[4112.98828125, 2991.72900390625, 2468.240478515625]",COMPLETE
22,0.5452075950500441,2026-09-28 11:57:57.137967,2026-09-28 11:58:43.763318,0 days 00:00:46.625351,256,0,16,0,9,32,0.18730733881035627,128,0.00015827926018824044,1,2,16,1,5,1,7.850599734714294e-05,"[0.686584521451966, 0.5452075950500441, 0.5341163590059066]","[3951.824951171875, 2985.20166015625, 2424.9404296875]",COMPLETE
23,0.5422595896344358,2026-09-28 11:58:43.784581,2026-09-28 11:59:25.888285,0 days 00:00:42.103704,256,0,15,0,11,32,0.20696599329595194,128,0.0004856581149653211,1,3,16,1,7,1,0.0005144765507028303,"[0.6543498189318062, 0.5422595896344358, 0.5144726568381566]","[3766.289306640625, 2969.060302734375, 2335.756103515625]",COMPLETE
24,0.5589689369451896,2026-09-28 11:59:25.909102,2026-09-28 12:00:39.339648,0 days 00:01:13.430546,128,1,14,0,9,32,0.561602214421287,128,5.6495327749757984e-05,1,1,16,2,3,1,0.00016977034110303516,"[0.7092262745015535, 0.5589689369451896, 0.5169825728211724]","[4082.145751953125, 3060.5498046875, 2347.1513671875]",COMPLETE
25,0.5381643078164436,2026-09-28 12:00:39.360316,2026-09-28 12:01:23.997180,0 days 00:00:44.636864,512,0,14,0,10,32,0.3067195201191239,128,0.00017888365963817626,1,2,16,1,7,1,0.0004688747350602842,"[0.6708589303674707, 0.5381643078164436, 0.5351047846231282]","[3861.31201171875, 2946.63720703125, 2429.427978515625]",COMPLETE
26,0.5505989915382458,2026-09-28 12:01:24.016411,2026-09-28 12:02:05.386515,0 days 00:00:41.370104,256,1,16,0,7,32,0.6221964813674232,128,0.0004419814509864293,1,1,16,2,5,0,7.496818066936088e-05,"[0.6855996916818575, 0.5505989915382458, 0.5220633848562936]","[3946.156494140625, 3014.721435546875, 2370.21875]",COMPLETE
27,0.5578643322690817,2026-09-28 12:02:05.408989,2026-09-28 12:03:53.372846,0 days 00:01:47.963857,256,0,15,0,9,16,0.4184420790886187,256,1.4440562938556309e-05,1,3,32,1,9,1,0.00024352286129395988,"[0.6683387875489148, 0.5578643322690817, 0.5443838109209174]","[3846.806640625, 3054.501708984375, 2471.5556640625]",COMPLETE
28,0.5610865603770593,2026-09-28 12:03:53.393637,2026-09-28 12:04:37.317652,0 days 00:00:43.924015,256,2,12,0,11,64,0.21653703060721466,192,0.00021420167293464498,1,4,64,1,6,1,0.00014083817344614277,"[0.715394800601027, 0.5610865603770593, 0.5441100459017522]","[4117.650390625, 3072.14453125, 2470.312744140625]",COMPLETE
29,0.5568159989812292,2026-09-28 12:04:37.338981,2026-09-28 12:05:16.602725,0 days 00:00:39.263744,256,1,8,0,7,16,0.5281264838823965,384,0.0005401241342737234,1,1,8,2,0,0,0.000419094532681452,"[0.7281963151129505, 0.5568159989812292, 0.5123367411906923]","[4191.3330078125, 3048.76171875, 2326.058837890625]",COMPLETE
30,0.5482942788434652,2026-09-28 12:05:16.623373,2026-09-28 12:06:45.624858,0 days 00:01:29.001485,128,0,14,0,10,32,0.6642416010529171,256,8.93987914527112e-05,1,2,16,2,9,1,0.0002686626095973294,"[0.693745172985277, 0.533823875370379, 0.5482942788434652]","[3993.0400390625, 2922.871826171875, 2489.3095703125]",COMPLETE
31,0.5503866584551462,2026-09-28 12:06:45.644653,2026-09-28 12:07:43.503479,0 days 00:00:57.858826,512,0,14,0,10,32,0.3182755236716792,128,0.00018189498861937171,1,2,16,1,7,1,0.0009875853330756556,"[0.6959475726817774, 0.5503866584551462, 0.5375241446658034]","[4005.716552734375, 3013.558837890625, 2440.412109375]",COMPLETE
32,0.5377066903381046,2026-09-28 12:07:43.522735,2026-09-28 12:08:28.872511,0 days 00:00:45.349776,512,0,16,0,9,32,0.2393828056912583,128,0.0003654355413543013,1,1,16,1,7,1,0.000504285640383303,"[0.64103930462484, 0.5377066903381046, 0.5230645549853089]","[3689.677001953125, 2944.131591796875, 2374.76416015625]",COMPLETE
33,0.5378057672198028,2026-09-28 12:08:28.891236,2026-09-28 12:09:12.388425,0 days 00:00:43.497189,512,0,16,0,9,32,0.16651216577688283,128,0.00036896428113520317,1,1,16,1,5,1,0.0006486990964745813,"[0.7126625745345366, 0.5378057672198028, 0.5290133381801913]","[4101.92431640625, 2944.674072265625, 2401.772216796875]",COMPLETE
34,0.5289386538421408,2026-09-28 12:09:12.409366,2026-09-28 12:10:01.399945,0 days 00:00:48.990579,512,0,15,0,7,32,0.16065140657974433,128,0.0006417206952582433,1,1,16,0,4,1,0.0003402795493710169,"[0.6447248024741462, 0.5289386538421408, 0.5174142729928201]","[3710.889892578125, 2896.12353515625, 2349.111328125]",COMPLETE
35,0.5393045837370872,2026-09-28 12:10:01.419880,2026-09-28 12:10:48.004107,0 days 00:00:46.584227,512,1,15,0,7,64,0.1526046129944383,192,0.0006830920261573624,1,1,8,0,4,1,0.00028823731926269294,"[0.6885874780621088, 0.5393045837370872, 0.5336703010931242]","[3963.353515625, 2952.880615234375, 2422.915283203125]",COMPLETE
36,0.5357550773704792,2026-09-28 12:10:48.022606,2026-09-28 12:11:37.027620,0 days 00:00:49.005014,512,0,12,0,6,96,0.22943693895866243,128,0.000612134915999318,1,0,16,0,3,1,0.0001293905106110791,"[0.7003855843114047, 0.5275096191969797, 0.5357550773704792]","[4031.2607421875, 2888.299072265625, 2432.38037109375]",COMPLETE
37,0.5668861017065815,2026-09-28 12:11:37.048503,2026-09-28 12:12:24.875746,0 days 00:00:47.827243,512,3,12,0,5,96,0.2627432445291809,384,0.0005756466658577643,1,0,16,0,3,0,0.00012506998629567909,"[0.698105180396314, 0.5570316316544484, 0.5668861017065815]","[4018.13525390625, 3049.9423828125, 2573.71826171875]",COMPLETE
38,0.5743940748635976,2026-09-28 12:12:24.894569,2026-09-28 12:13:10.833925,0 days 00:00:45.939356,512,0,11,0,6,96,0.1531065712851873,128,0.0007235804498504575,1,0,32,0,3,1,8.085999748945321e-05,"[0.6574055143680462, 0.5743940748635976, 0.5192056566273612]","[3783.877197265625, 3145.0078125, 2357.244384765625]",COMPLETE
39,0.5614471966593166,2026-09-28 12:13:10.853677,2026-09-28 12:14:10.321305,0 days 00:00:59.467628,1024,1,8,0,5,96,0.10157223352020842,256,0.00011284688902077462,1,6,8,0,2,1,0.000190804471647297,"[0.7027927291754611, 0.5614471966593166, 0.5118877256907848]","[4045.11572265625, 3074.119140625, 2324.020263671875]",COMPLETE
40,0.5618352997998665,2026-09-28 12:14:10.342008,2026-09-28 12:16:16.105266,0 days 00:02:05.763258,64,1,13,0,7,96,0.24339600852289323,128,0.0007574618862631411,1,0,64,0,4,1,5.504461867310496e-05,"[0.7055519322310886, 0.5618352997998665, 0.5478466614756532]","[4060.9970703125, 3076.244140625, 2487.27734375]",COMPLETE
41,0.534945720210107,2026-09-28 12:16:16.124486,2026-09-28 12:17:08.365880,0 days 00:00:52.241394,512,0,15,0,6,96,0.25516695681689977,128,0.000310047229455561,1,1,16,0,4,1,0.0003322747783665185,"[0.6501918420227516, 0.532244531018555, 0.534945720210107]","[3742.35693359375, 2914.224365234375, 2428.705810546875]",COMPLETE
42,0.5436727059867228,2026-09-28 12:17:08.386094,2026-09-28 12:18:00.683557,0 days 00:00:52.297463,512,0,15,0,6,96,0.18016825524538532,128,0.0002519931527310245,1,1,16,0,3,1,0.0003418483075494402,"[0.6916563650763703, 0.5436727059867228, 0.516847545525332]","[3981.017333984375, 2976.797607421875, 2346.538330078125]",COMPLETE
43,0.5482819212603649,2026-09-28 12:18:00.701650,2026-09-28 12:18:49.956038,0 days 00:00:49.254388,512,0,14,0,5,96,0.2667552499275105,128,0.0004648918935590849,1,0,16,0,4,1,0.0002254557269325161,"[0.6835842645767362, 0.5482819212603649, 0.5376226054299149]","[3934.55615234375, 3002.03466796875, 2440.859130859375]",COMPLETE
44,0.5716248715612251,2026-09-28 12:18:49.976393,2026-09-28 12:20:55.342786,0 days 00:02:05.366393,512,0,9,0,6,96,0.13699688438694094,192,2.0948911174536352e-05,1,1,16,0,2,1,0.00014642451594748266,"[0.7275505640396396, 0.5716248715612251, 0.5283558934494285]","[4187.6162109375, 3129.845458984375, 2398.787353515625]",COMPLETE
