number,value,datetime_start,datetime_complete,duration,params_batch_size,params_climate_lag_weeks,params_climate_multiplier,params_dem_size,params_dem_units,params_dropout,params_hidden_units,params_learning_rate,params_local_dem_cfg,params_month_units,params_rain_lag_weeks,params_regional_dem_cfg,params_weight_decay,user_attrs_fold_scores,user_attrs_fold_scores_raw,state
0,3117.154541015625,2026-09-27 12:26:17.461545,2026-09-27 12:27:04.291629,0 days 00:00:46.830084,1024,1,4,8,16,0.34474115788895177,256,0.0007114476009343421,1,8,2,1,0.000291063591313307,"[4106.8740234375, 3117.154541015625, 2565.101806640625]","[4106.8740234375, 3117.154541015625, 2565.101806640625]",COMPLETE
1,5295.05126953125,2026-09-27 12:27:04.312904,2026-09-27 12:28:53.330005,0 days 00:01:49.017101,128,2,16,12,16,0.31868411173731187,128,1.3783237455007196e-06,0,32,0,10,0.000164092867306479,"[6004.22705078125, 5295.05126953125, 4478.859375]","[6004.22705078125, 5295.05126953125, 4478.859375]",COMPLETE
2,5182.173828125,2026-09-27 12:28:53.346262,2026-09-27 12:29:58.437717,0 days 00:01:05.091455,512,0,14,4,64,0.4085081386743783,256,3.87211803217458e-06,3,32,1,2,1.2315571723666024e-05,"[5920.35791015625, 5182.173828125, 4817.5078125]","[5920.35791015625, 5182.173828125, 4817.5078125]",COMPLETE
3,3200.561279296875,2026-09-27 12:29:58.457492,2026-09-27 12:36:18.873627,0 days 00:06:20.416135,256,1,5,5,96,0.4630265895704372,256,9.4525713910723e-06,7,16,2,5,0.0002878805718308924,"[4162.90185546875, 3200.561279296875, 2587.19482421875]","[4162.90185546875, 3200.561279296875, 2587.19482421875]",COMPLETE
4,3134.98681640625,2026-09-27 12:36:18.891871,2026-09-27 12:37:32.752861,0 days 00:01:13.860990,128,3,15,12,64,0.14794614693347313,128,0.00026568139241144923,6,64,3,2,0.00018484491720988634,"[4048.97119140625, 3134.98681640625, 2640.378662109375]","[4048.97119140625, 3134.98681640625, 2640.378662109375]",COMPLETE
5,5512.27978515625,2026-09-27 12:37:32.769592,2026-09-27 12:38:35.850101,0 days 00:01:03.080509,1024,3,11,5,96,0.2471132530877013,256,5.6930747676446135e-06,2,64,1,0,9.874088417386235e-05,"[6162.78173828125, 5512.27978515625, 4556.09814453125]","[6162.78173828125, 5512.27978515625, 4556.09814453125]",COMPLETE
6,3158.205078125,2026-09-27 12:38:35.869372,2026-09-27 12:40:04.032329,0 days 00:01:28.162957,512,0,12,7,96,0.3118602313424026,128,5.924870051994317e-05,4,64,0,2,0.00022653156413948846,"[4043.62158203125, 3158.205078125, 2519.60693359375]","[4043.62158203125, 3158.205078125, 2519.60693359375]",COMPLETE
7,3290.169677734375,2026-09-27 12:40:04.080387,2026-09-27 12:40:54.993111,0 days 00:00:50.912724,256,2,6,7,16,0.2301598792637071,320,0.0004912819179585587,5,8,3,0,0.0005945287330479985,"[4059.385498046875, 3290.169677734375, 2512.5830078125]","[4059.385498046875, 3290.169677734375, 2512.5830078125]",COMPLETE
8,3341.58154296875,2026-09-27 12:40:55.008888,2026-09-27 12:44:39.765557,0 days 00:03:44.756669,256,1,14,7,32,0.10618264661154697,256,5.394720267647737e-06,7,8,1,6,0.0008831228248242526,"[4337.1142578125, 3341.58154296875, 2462.13232421875]","[4337.1142578125, 3341.58154296875, 2462.13232421875]",COMPLETE
9,3173.809326171875,2026-09-27 12:44:39.784282,2026-09-27 12:49:11.039201,0 days 00:04:31.254919,64,3,11,11,64,0.4468289274320415,384,8.928243277966438e-06,7,16,2,7,2.182657003890117e-05,"[4208.7568359375, 3173.809326171875, 2582.93701171875]","[4208.7568359375, 3173.809326171875, 2582.93701171875]",COMPLETE
10,3206.383544921875,2026-09-27 12:49:11.062062,2026-09-27 12:50:46.069716,0 days 00:01:35.007654,1024,1,8,9,16,0.3713015199005009,192,0.00011295831475598743,0,8,2,4,5.463331403485189e-05,"[4327.1318359375, 3206.383544921875, 2483.005615234375]","[4327.1318359375, 3206.383544921875, 2483.005615234375]",COMPLETE
11,3008.39111328125,2026-09-27 12:50:46.090177,2026-09-27 12:51:43.728810,0 days 00:00:57.638633,2048,2,8,10,64,0.13454756872770832,128,0.0009747448552837219,2,64,3,2,0.00037337870210359125,"[4116.3154296875, 3008.39111328125, 2489.054931640625]","[4116.3154296875, 3008.39111328125, 2489.054931640625]",COMPLETE
12,3225.9306640625,2026-09-27 12:51:43.747173,2026-09-27 12:52:46.394698,0 days 00:01:02.647525,2048,2,4,9,32,0.21003235437431916,192,0.0009728583151931042,2,64,3,3,0.0004943018624063394,"[4019.1953125, 3225.9306640625, 2448.9228515625]","[4019.1953125, 3225.9306640625, 2448.9228515625]",COMPLETE
13,3101.024169921875,2026-09-27 12:52:46.415637,2026-09-27 12:53:52.776406,0 days 00:01:06.360769,2048,1,8,10,64,0.3561711433906497,320,0.00021534500892332346,1,8,3,0,7.422070091375594e-05,"[4055.642822265625, 3101.024169921875, 2427.787353515625]","[4055.642822265625, 3101.024169921875, 2427.787353515625]",COMPLETE
14,3217.11474609375,2026-09-27 12:53:52.794850,2026-09-27 12:54:54.958941,0 days 00:01:02.164091,2048,2,8,10,64,0.16792021334366308,320,0.00020199603989341422,2,64,3,0,5.5153473882744194e-05,"[4270.9306640625, 3217.11474609375, 2519.122802734375]","[4270.9306640625, 3217.11474609375, 2519.122802734375]",COMPLETE
15,4001.39990234375,2026-09-27 12:54:54.978041,2026-09-27 12:57:05.925317,0 days 00:02:10.947276,2048,0,8,10,64,0.27309824447219666,320,3.228643762111256e-05,1,8,3,4,6.54952127306362e-05,"[4001.39990234375, 5587.08935546875, 2483.0810546875]","[4001.39990234375, 5587.08935546875, 2483.0810546875]",COMPLETE
16,3092.9482421875,2026-09-27 12:57:05.942633,2026-09-27 12:58:02.406517,0 days 00:00:56.463884,2048,1,9,10,64,0.4985555589210954,384,0.00028002029701973885,3,32,3,8,2.968486655096684e-05,"[4086.22412109375, 3092.9482421875, 2508.72412109375]","[4086.22412109375, 3092.9482421875, 2508.72412109375]",COMPLETE
17,3098.355224609375,2026-09-27 12:58:02.424194,2026-09-27 12:58:48.916302,0 days 00:00:46.492108,2048,2,10,11,64,0.4118932935368267,384,0.00037980660045785407,4,32,2,9,3.2118974806465853e-05,"[4136.07177734375, 3098.355224609375, 2449.265625]","[4136.07177734375, 3098.355224609375, 2449.265625]",COMPLETE
18,3113.63818359375,2026-09-27 12:58:48.933899,2026-09-27 13:00:52.849415,0 days 00:02:03.915516,64,1,6,9,64,0.48270224142723894,384,9.607251736921901e-05,3,32,3,8,1.083220341739465e-05,"[3938.535888671875, 3113.63818359375, 2507.90087890625]","[3938.535888671875, 3113.63818359375, 2507.90087890625]",COMPLETE
19,4335.79345703125,2026-09-27 13:00:52.866333,2026-09-27 13:02:33.239688,0 days 00:01:40.373355,2048,2,10,11,32,0.10094465590607071,128,2.292889244055615e-05,5,32,2,7,2.936008164175457e-05,"[4335.79345703125, 5469.81982421875, 2722.196533203125]","[4335.79345703125, 5469.81982421875, 2722.196533203125]",COMPLETE
20,2995.9794921875,2026-09-27 13:02:33.256500,2026-09-27 13:03:17.836043,0 days 00:00:44.579543,2048,3,9,8,64,0.18639374135217157,384,0.0008008592601420684,3,16,3,10,2.0514235768700096e-05,"[4046.698974609375, 2995.9794921875, 2563.629638671875]","[4046.698974609375, 2995.9794921875, 2563.629638671875]",COMPLETE
21,3098.961181640625,2026-09-27 13:03:17.852269,2026-09-27 13:03:58.598314,0 days 00:00:40.746045,2048,3,9,8,64,0.1825375279577381,384,0.0008195367222095694,3,16,3,10,1.9955685684646982e-05,"[3975.75732421875, 3098.961181640625, 2574.50146484375]","[3975.75732421875, 3098.961181640625, 2574.50146484375]",COMPLETE
22,3094.2744140625,2026-09-27 13:03:58.613844,2026-09-27 13:04:40.017725,0 days 00:00:41.403881,2048,3,7,8,64,0.1354716421753056,384,0.0004319483281933379,4,16,3,9,3.235296887627655e-05,"[4079.761474609375, 3094.2744140625, 2586.368896484375]","[4079.761474609375, 3094.2744140625, 2586.368896484375]",COMPLETE
23,3130.312744140625,2026-09-27 13:04:40.034001,2026-09-27 13:05:26.998894,0 days 00:00:46.964893,2048,3,12,9,64,0.18540344493950434,384,0.00013436412901658882,2,16,3,8,0.00012365724830008993,"[4097.53076171875, 3130.312744140625, 2549.601806640625]","[4097.53076171875, 3130.312744140625, 2549.601806640625]",COMPLETE
24,3075.151611328125,2026-09-27 13:05:27.015791,2026-09-27 13:06:04.303773,0 days 00:00:37.287982,2048,2,9,6,64,0.2856439120187634,384,0.0009858782952590077,3,32,2,9,1.5682139100400167e-05,"[4085.0244140625, 3075.151611328125, 2539.39892578125]","[4085.0244140625, 3075.151611328125, 2539.39892578125]",COMPLETE
25,3116.2890625,2026-09-27 13:06:04.319512,2026-09-27 13:06:46.379643,0 days 00:00:42.060131,2048,2,7,6,64,0.2722523207241031,128,0.000584769158223778,2,16,2,10,1.627968611151315e-05,"[4392.78564453125, 3116.2890625, 2456.460693359375]","[4392.78564453125, 3116.2890625, 2456.460693359375]",COMPLETE
26,3114.474853515625,2026-09-27 13:06:46.396517,2026-09-27 13:07:17.470199,0 days 00:00:31.073682,512,2,9,6,64,0.2123420550486928,384,0.0009151600949529444,5,64,1,6,1.5113798110099408e-05,"[4121.52880859375, 3114.474853515625, 2517.5390625]","[4121.52880859375, 3114.474853515625, 2517.5390625]",COMPLETE
27,3170.624755859375,2026-09-27 13:07:17.485818,2026-09-27 13:08:21.663030,0 days 00:01:04.177212,128,3,11,6,32,0.27009643950622786,192,0.00042477684360254386,4,32,2,9,3.813130829057453e-05,"[4142.6953125, 3170.624755859375, 2546.546142578125]","[4142.6953125, 3170.624755859375, 2546.546142578125]",COMPLETE
28,3089.98095703125,2026-09-27 13:08:21.679613,2026-09-27 13:10:25.470268,0 days 00:02:03.790655,64,2,7,4,96,0.14028601031707624,128,6.298001006260423e-05,1,64,2,4,0.00046186882666443335,"[4174.90185546875, 3089.98095703125, 2486.54345703125]","[4174.90185546875, 3089.98095703125, 2486.54345703125]",COMPLETE
29,3145.733642578125,2026-09-27 13:10:25.487519,2026-09-27 13:11:04.421309,0 days 00:00:38.933790,1024,3,10,8,16,0.20826094192222397,384,0.0006917174540641686,1,16,1,6,1.0137179505473578e-05,"[4243.3828125, 3145.733642578125, 2740.007080078125]","[4243.3828125, 3145.733642578125, 2740.007080078125]",COMPLETE
30,3110.51171875,2026-09-27 13:11:04.437821,2026-09-27 13:11:59.390694,0 days 00:00:54.952873,2048,2,6,7,64,0.16376765533706714,384,0.0001684426396504396,3,16,2,1,0.0003591552508323155,"[4111.099609375, 3110.51171875, 2520.833740234375]","[4111.099609375, 3110.51171875, 2520.833740234375]",COMPLETE
31,3147.850341796875,2026-09-27 13:11:59.408290,2026-09-27 13:14:02.835114,0 days 00:02:03.426824,64,2,7,4,96,0.13356077189846216,128,6.52189739966206e-05,1,64,2,3,0.0009214319375205128,"[4121.4326171875, 3147.850341796875, 2510.815673828125]","[4121.4326171875, 3147.850341796875, 2510.815673828125]",COMPLETE
32,3109.14794921875,2026-09-27 13:14:02.852014,2026-09-27 13:16:40.114697,0 days 00:02:37.262683,64,2,9,5,96,0.12187078026062464,128,1.8665078571517072e-05,0,64,2,4,0.000455708873617446,"[4251.32568359375, 3109.14794921875, 2538.19921875]","[4251.32568359375, 3109.14794921875, 2538.19921875]",COMPLETE
33,4591.546875,2026-09-27 13:16:40.129930,2026-09-27 13:22:04.834788,0 days 00:05:24.704858,64,2,5,4,96,0.15343386796278444,128,1.1705768866040453e-06,2,64,0,3,0.0006112934056636363,"[4573.3984375, 5666.98681640625, 4591.546875]","[4573.3984375, 5666.98681640625, 4591.546875]",COMPLETE
34,3352.0693359375,2026-09-27 13:22:04.852843,2026-09-27 13:37:32.028606,0 days 00:15:27.175763,64,2,7,5,96,0.3341212941773532,128,1.9662408562282787e-06,0,32,2,1,0.00029926836609826764,"[4239.53857421875, 3352.0693359375, 2765.569091796875]","[4239.53857421875, 3352.0693359375, 2765.569091796875]",COMPLETE
35,3146.334716796875,2026-09-27 13:37:32.044608,2026-09-27 13:38:37.941398,0 days 00:01:05.896790,128,3,5,6,96,0.19511791156654373,128,0.0006200018412705156,1,64,3,10,0.00013983374589009834,"[4282.2197265625, 3146.334716796875, 2611.940673828125]","[4282.2197265625, 3146.334716796875, 2611.940673828125]",COMPLETE
36,3198.022216796875,2026-09-27 13:38:37.957349,2026-09-27 13:39:15.896641,0 days 00:00:37.939292,512,1,9,4,16,0.12256935413310391,128,0.0002822969814478787,3,64,1,5,0.00025163398265926957,"[4126.59228515625, 3198.022216796875, 2534.93115234375]","[4126.59228515625, 3198.022216796875, 2534.93115234375]",COMPLETE
37,3210.3046875,2026-09-27 13:39:15.912490,2026-09-27 13:40:08.518278,0 days 00:00:52.605788,256,2,8,12,64,0.23981314194115114,256,5.499999874782777e-05,2,32,3,2,0.0003767055142327831,"[4062.290283203125, 3210.3046875, 2443.49658203125]","[4062.290283203125, 3210.3046875, 2443.49658203125]",COMPLETE
38,3175.150390625,2026-09-27 13:40:08.535533,2026-09-27 13:40:56.207315,0 days 00:00:47.671782,2048,3,12,5,96,0.3026602222540961,128,0.0003427172476010512,3,64,2,9,0.00019729382372188838,"[4211.64697265625, 3175.150390625, 2653.535888671875]","[4211.64697265625, 3175.150390625, 2653.535888671875]",COMPLETE
39,3231.41259765625,2026-09-27 13:40:56.223699,2026-09-27 13:41:34.914138,0 days 00:00:38.690439,1024,2,16,7,64,0.17155263928215878,192,0.0006105066646526817,4,64,1,2,0.0006923615251503585,"[4094.360595703125, 3231.41259765625, 2503.82275390625]","[4094.360595703125, 3231.41259765625, 2503.82275390625]",COMPLETE
40,3031.18798828125,2026-09-27 13:41:34.931060,2026-09-27 13:43:21.015701,0 days 00:01:46.084641,64,0,11,8,96,0.1413181558495745,256,0.000979382771556306,2,16,0,7,1.3354460127599047e-05,"[3947.407470703125, 3031.18798828125, 2518.888671875]","[3947.407470703125, 3031.18798828125, 2518.888671875]",COMPLETE
41,3090.37890625,2026-09-27 13:43:21.032557,2026-09-27 13:45:06.763570,0 days 00:01:45.731013,64,0,11,8,96,0.14291096458374208,256,0.000925077026765132,2,16,0,7,1.3776727227394294e-05,"[4048.953857421875, 3090.37890625, 2644.9775390625]","[4048.953857421875, 3090.37890625, 2644.9775390625]",COMPLETE
42,3105.2685546875,2026-09-27 13:45:06.779808,2026-09-27 13:46:54.879197,0 days 00:01:48.099389,64,0,13,7,96,0.11148732230639409,256,0.0006183880266979272,1,16,0,8,2.07999901430811e-05,"[4283.77734375, 3105.2685546875, 2583.399169921875]","[4283.77734375, 3105.2685546875, 2583.399169921875]",COMPLETE
43,3057.5390625,2026-09-27 13:46:54.894940,2026-09-27 13:48:42.660367,0 days 00:01:47.765427,64,1,10,9,96,0.1456704703780462,256,0.0004774476658528264,2,16,1,9,1.7044434601467757e-05,"[4036.818359375, 3057.5390625, 2603.565673828125]","[4036.818359375, 3057.5390625, 2603.565673828125]",COMPLETE
44,3047.92822265625,2026-09-27 13:48:42.676778,2026-09-27 13:49:26.461912,0 days 00:00:43.785134,256,0,10,9,96,0.16359448455385142,256,0.00045788873154811147,3,16,0,10,1.6990274249355052e-05,"[3928.639892578125, 3047.92822265625, 2487.224365234375]","[3928.639892578125, 3047.92822265625, 2487.224365234375]",COMPLETE
45,3067.434326171875,2026-09-27 13:49:26.478339,2026-09-27 13:50:06.472096,0 days 00:00:39.993757,256,0,12,9,96,0.15452358135309843,256,0.00047799062979466365,2,16,0,10,2.3607159554313053e-05,"[4194.6943359375, 3067.434326171875, 2570.21826171875]","[4194.6943359375, 3067.434326171875, 2570.21826171875]",COMPLETE
46,2990.749755859375,2026-09-27 13:50:06.488868,2026-09-27 13:50:51.515142,0 days 00:00:45.026274,256,0,10,8,96,0.21887232674440496,256,0.00031568582461511367,3,16,0,10,4.387153301662445e-05,"[3982.360107421875, 2990.749755859375, 2402.871337890625]","[3982.360107421875, 2990.749755859375, 2402.871337890625]",COMPLETE
47,3152.595458984375,2026-09-27 13:50:51.530450,2026-09-27 13:51:33.918759,0 days 00:00:42.388309,256,0,13,8,96,0.23269238599315534,256,0.00023226965127896648,3,16,0,10,4.1232369059532834e-05,"[3923.43505859375, 3152.595458984375, 2532.546875]","[3923.43505859375, 3152.595458984375, 2532.546875]",COMPLETE
48,3131.80078125,2026-09-27 13:51:33.935500,2026-09-27 13:52:16.292460,0 days 00:00:42.356960,256,0,11,10,96,0.19237206634696066,256,0.0003603289854355847,4,16,0,8,9.273739615163845e-05,"[4082.979736328125, 3131.80078125, 2417.66552734375]","[4082.979736328125, 3131.80078125, 2417.66552734375]",COMPLETE
49,3078.026123046875,2026-09-27 13:52:16.309142,2026-09-27 13:53:00.830512,0 days 00:00:44.521370,256,0,10,9,16,0.21818146272134703,256,0.0007080661627915714,3,16,0,10,2.4305042797366e-05,"[4068.915283203125, 3078.026123046875, 2583.272216796875]","[4068.915283203125, 3078.026123046875, 2583.272216796875]",COMPLETE
