number,value,datetime_start,datetime_complete,duration,params_batch_size,params_climate_multiplier,params_dem_size,params_dem_units,params_dropout,params_hidden_units,params_learning_rate,params_local_dem_cfg,params_month_units,params_rain_lag_weeks,params_regional_dem_cfg,params_weight_decay,user_attrs_fold_scores,user_attrs_fold_scores_raw,state
67,0.5889754581238347,2026-09-26 22:32:43.452818,2026-09-26 22:34:06.709024,0 days 00:01:23.256206,64,12,9,16,0.5100626726609369,192,0.0005302981854932996,1,32,2,5,1.5448981018997653e-05,"[0.6672975490484138, 0.5548780695406608, 0.5889754581238347]","[4247.23876953125, 3501.43017578125, 2893.378173828125]",COMPLETE
68,0.5520662390609553,2026-09-26 22:34:06.726838,2026-09-26 22:35:36.931660,0 days 00:01:30.204822,64,15,10,96,0.47395518628959016,384,4.154915448925174e-05,3,16,3,4,1.0345944333751565e-05,"[0.6817077812952669, 0.5520662390609553, 0.5515526602620872]","[4338.95751953125, 3483.686767578125, 2709.536376953125]",COMPLETE
69,0.5599836792579557,2026-09-26 22:35:36.949860,2026-09-26 22:36:03.158711,0 days 00:00:26.208851,1024,15,11,96,0.41730635462935395,384,0.0026710705204665,3,16,3,4,4.9577604218324696e-05,"[0.6404325233050064, 0.5599836792579557, 0.5528101488868917]","[4076.247314453125, 3533.64794921875, 2715.7138671875]",COMPLETE
70,0.5740749825588125,2026-09-26 22:36:03.175113,2026-09-26 22:37:25.212584,0 days 00:01:22.037471,512,15,12,64,0.44951932940997924,384,1.575475301737827e-05,4,16,3,3,1.0553783440767052e-05,"[0.6821258805592434, 0.5740749825588125, 0.5702193316996865]","[4341.61865234375, 3622.56787109375, 2801.237548828125]",COMPLETE
71,0.5588707009097893,2026-09-26 22:37:25.229799,2026-09-26 22:38:57.404939,0 days 00:01:32.175140,64,14,10,96,0.4689653759623578,384,4.352244700803347e-05,5,16,3,4,1.2883255850878959e-05,"[0.6863306549920055, 0.5588707009097893, 0.5530016322553213]","[4368.38134765625, 3526.624755859375, 2716.654541015625]",COMPLETE
72,0.5649610681959096,2026-09-26 22:38:57.423817,2026-09-26 22:40:46.735470,0 days 00:01:49.311653,64,16,9,96,0.5490815893518346,384,2.576064439627455e-05,1,16,3,4,1.3233032608915676e-05,"[0.6584775724650411, 0.5508835810797008, 0.5649610681959096]","[4191.10107421875, 3476.223876953125, 2775.406005859375]",COMPLETE
73,0.5591810673821009,2026-09-26 22:40:46.753524,2026-09-26 22:42:42.729632,0 days 00:01:55.976108,64,14,10,96,0.4772991176453147,384,1.998419052571519e-05,3,16,0,5,1.9857079705417667e-05,"[0.6700875369442483, 0.5591810673821009, 0.5550384726018261]","[4264.99658203125, 3528.583251953125, 2726.66064453125]",COMPLETE
74,0.5670223098748565,2026-09-26 22:42:42.748325,2026-09-26 22:44:06.325752,0 days 00:01:23.577427,64,13,9,96,0.3398026366699052,384,6.426436945302494e-05,6,16,2,8,3.326698081258199e-05,"[0.6881804949098524, 0.5543393581519213, 0.5670223098748565]","[4380.1552734375, 3498.03076171875, 2785.531982421875]",COMPLETE
75,0.5541074538094835,2026-09-26 22:44:06.343033,2026-09-26 22:45:11.768901,0 days 00:01:05.425868,128,9,11,96,0.562335010179147,384,5.137589988429445e-05,2,16,1,4,2.491722813998584e-05,"[0.6393168887093406, 0.5541074538094835, 0.5435213418725076]","[4069.146484375, 3496.5673828125, 2670.08203125]",COMPLETE
76,0.5768631038534624,2026-09-26 22:45:11.786136,2026-09-26 22:46:29.881806,0 days 00:01:18.095670,128,7,11,96,0.5073849041561274,256,5.330759485226383e-05,3,16,1,3,4.328582768913422e-05,"[0.6401840419259202, 0.5611820451409502, 0.5768631038534624]","[4074.665771484375, 3541.2099609375, 2833.87548828125]",COMPLETE
77,0.5830769950996558,2026-09-26 22:46:29.899232,2026-09-26 22:47:26.306844,0 days 00:00:56.407612,128,9,11,96,0.5817405745788703,320,9.653659232666181e-05,2,8,1,4,2.4421129609300864e-05,"[0.6558197653089922, 0.5608698602662203, 0.5830769950996558]","[4174.1845703125, 3539.239990234375, 2864.401611328125]",COMPLETE
78,0.5609083562323073,2026-09-26 22:47:26.325135,2026-09-26 22:48:48.012710,0 days 00:01:21.687575,128,8,12,96,0.5317924490716879,384,3.1446279914982344e-05,4,16,0,4,3.544915663781968e-05,"[0.6549874025541031, 0.5609083562323073, 0.5589684289497806]","[4168.88671875, 3539.48291015625, 2745.966796875]",COMPLETE
79,0.5866989511764368,2026-09-26 22:48:48.031028,2026-09-26 22:51:49.084940,0 days 00:03:01.053912,128,4,11,32,0.30924725207522347,128,1.2270809156229316e-05,2,32,1,3,6.996092620136845e-05,"[0.7272282811241148, 0.5866989511764368, 0.5845457465843601]","[4628.68798828125, 3702.228515625, 2871.616943359375]",COMPLETE
80,0.572436722027376,2026-09-26 22:51:49.101803,2026-09-26 22:52:18.698653,0 days 00:00:29.596850,256,9,12,96,0.2316473076663784,384,0.00025104297058895246,3,64,1,6,0.00010256667020204723,"[0.6338306208536252, 0.558662745314093, 0.572436722027376]","[4034.227294921875, 3525.3125, 2812.130615234375]",COMPLETE
81,0.5610378110087165,2026-09-26 22:52:18.715975,2026-09-26 22:54:14.877266,0 days 00:01:56.161291,64,6,10,96,0.5635059611625893,384,4.583013552899139e-05,1,16,2,4,1.0204192177711708e-05,"[0.6593291908007115, 0.5610378110087165, 0.5560031949345418]","[4196.521484375, 3540.2998046875, 2731.39990234375]",COMPLETE
82,0.5535935757802015,2026-09-26 22:54:14.894421,2026-09-26 22:56:43.834190,0 days 00:02:28.939769,64,15,10,96,0.4847027140230952,384,1.6766948990439086e-05,1,16,2,5,1.7979495064382926e-05,"[0.6642128203503411, 0.5424188404442412, 0.5535935757802015]","[4227.60498046875, 3422.80908203125, 2719.5625]",COMPLETE
83,0.56692838213898,2026-09-26 22:56:43.851398,2026-09-26 22:58:56.412759,0 days 00:02:12.561361,64,15,8,96,0.48313359483712287,384,1.6029217657193798e-05,1,16,2,5,2.888116391702086e-05,"[0.6951348281903543, 0.5627011075695683, 0.56692838213898]","[4424.41845703125, 3550.795654296875, 2785.070556640625]",COMPLETE
84,0.5621092929219438,2026-09-26 22:58:56.430614,2026-09-26 23:00:05.894675,0 days 00:01:09.464061,128,15,10,96,0.46236051961241403,384,2.3849032847636054e-05,0,16,2,4,1.8184756157815657e-05,"[0.6738497398808855, 0.5509021519980142, 0.5621092929219438]","[4288.9423828125, 3476.341064453125, 2761.396484375]",COMPLETE
85,0.5958523102147854,2026-09-26 23:00:05.912339,2026-09-26 23:06:15.241751,0 days 00:06:09.329412,64,6,11,16,0.49884004685301697,192,1.007687774738468e-05,2,16,1,4,2.1906434358135776e-05,"[0.6713692988713161, 0.5617500831048594, 0.5958523102147854]","[4273.15478515625, 3544.79443359375, 2927.1611328125]",COMPLETE
86,0.5614985141526734,2026-09-26 23:06:15.258941,2026-09-26 23:08:18.464541,0 days 00:02:03.205600,64,16,11,96,0.5210609348521844,384,1.83783492300058e-05,1,16,2,5,2.5201274885817354e-05,"[0.6731886060355736, 0.5509261394341689, 0.5614985141526734]","[4284.734375, 3476.492431640625, 2758.39599609375]",COMPLETE
87,0.565654543130523,2026-09-26 23:08:18.481696,2026-09-26 23:10:08.004178,0 days 00:01:49.522482,64,11,8,96,0.5489827805325226,384,2.9645206713153747e-05,1,16,2,7,1.6555319836032994e-05,"[0.675135797873785, 0.5561868550087933, 0.565654543130523]","[4297.1279296875, 3509.68896484375, 2778.812744140625]",COMPLETE
88,0.6129901871267632,2026-09-26 23:10:08.022412,2026-09-26 23:12:06.313970,0 days 00:01:58.291558,1024,13,11,64,0.28375505796556394,384,1.410605696230587e-05,2,16,3,3,3.0079151013824148e-05,"[0.7178869462658826, 0.6129901871267632, 0.5623290540055657]","[4569.23193359375, 3868.13330078125, 2762.47607421875]",COMPLETE
89,0.5643683295155933,2026-09-26 23:12:06.330927,2026-09-26 23:13:43.597396,0 days 00:01:37.266469,64,15,12,96,0.423800448094521,384,3.85833721223419e-05,0,16,2,6,4.1966631496092375e-05,"[0.6730377067232356, 0.5484808911440862, 0.5643683295155933]","[4283.77392578125, 3461.062255859375, 2772.494140625]",COMPLETE
90,0.5653946258238524,2026-09-26 23:13:43.616201,2026-09-26 23:15:03.901980,0 days 00:01:20.285779,512,14,10,96,0.5244348557223639,384,2.0902229859984054e-05,2,16,2,5,2.038938130117027e-05,"[0.6874661972498735, 0.5653946258238524, 0.5434527100189386]","[4375.60888671875, 3567.79248046875, 2669.744873046875]",COMPLETE
91,0.5669312148802208,2026-09-26 23:15:03.919732,2026-09-26 23:16:47.175685,0 days 00:01:43.255953,64,14,10,96,0.5661076747805612,384,3.734268800052275e-05,1,16,2,8,1.190693013345329e-05,"[0.6590759530630259, 0.5407231608445806, 0.5669312148802208]","[4194.90966796875, 3412.10888671875, 2785.08447265625]",COMPLETE
92,0.5639796972962529,2026-09-26 23:16:47.191073,2026-09-26 23:18:17.056915,0 days 00:01:29.865842,64,13,10,96,0.5859854109936132,384,6.50167424842579e-05,1,16,2,4,1.437090875295445e-05,"[0.6508860405631467, 0.5543613724280052, 0.5639796972962529]","[4142.7822265625, 3498.169677734375, 2770.5849609375]",COMPLETE
93,0.5572831963976278,2026-09-26 23:18:17.073622,2026-09-26 23:20:13.937492,0 days 00:01:56.863870,64,15,9,96,0.541636011124802,384,2.7153973409270597e-05,1,16,2,5,0.0002661694729907705,"[0.6606134076225403, 0.5474577109238474, 0.5572831963976278]","[4204.6953125, 3454.605712890625, 2737.68798828125]",COMPLETE
94,0.5665236480220608,2026-09-26 23:20:13.954913,2026-09-26 23:22:18.618990,0 days 00:02:04.664077,64,14,10,96,0.4039926607376482,384,1.7763492599411056e-05,1,16,2,9,1.585418684242513e-05,"[0.678443308271415, 0.5564322619564215, 0.5665236480220608]","[4318.1796875, 3511.237548828125, 2783.082275390625]",COMPLETE
95,0.575723596416473,2026-09-26 23:22:18.636221,2026-09-26 23:24:16.552621,0 days 00:01:57.916400,64,14,11,96,0.25081905936600596,256,2.2344696369161833e-05,0,16,2,4,1.782313850189298e-05,"[0.6796635443985362, 0.5551753589913268, 0.575723596416473]","[4325.9462890625, 3503.30615234375, 2828.277587890625]",COMPLETE
96,0.5613642722768998,2026-09-26 23:24:16.570023,2026-09-26 23:27:16.945663,0 days 00:03:00.375640,64,13,11,96,0.5002119199027475,384,1.218206355709799e-05,1,8,2,4,2.525199092628638e-05,"[0.6769211200886953, 0.5613642722768998, 0.5546139589934366]","[4308.4912109375, 3542.35986328125, 2724.5751953125]",COMPLETE
97,0.5723278073502457,2026-09-26 23:27:16.961972,2026-09-26 23:29:40.086413,0 days 00:02:23.124441,64,16,10,32,0.43805039766107545,384,1.4611327617745305e-05,2,16,2,3,2.261317852336699e-05,"[0.6862337633644087, 0.5723278073502457, 0.5597569249589949]","[4367.7646484375, 3611.542724609375, 2749.84033203125]",COMPLETE
98,0.5784131599814968,2026-09-26 23:29:40.103572,2026-09-26 23:31:00.350550,0 days 00:01:20.246978,256,15,8,96,0.5621498688607248,128,3.2076602429803744e-05,1,16,2,7,1.3470267824334836e-05,"[0.670547062557316, 0.5672497058057023, 0.5784131599814968]","[4267.92138671875, 3579.49853515625, 2841.490234375]",COMPLETE
99,0.56200294088238,2026-09-26 23:31:00.367057,2026-09-26 23:32:15.684960,0 days 00:01:15.317903,128,7,9,96,0.5762322950898564,320,5.273371711714081e-05,7,64,2,3,1.9049801872171707e-05,"[0.6785206374563854, 0.537823660154671, 0.56200294088238]","[4318.671875, 3393.812255859375, 2760.8740234375]",COMPLETE
100,0.5885571069700741,2026-09-26 23:32:15.702185,2026-09-26 23:33:36.391576,0 days 00:01:20.689391,64,10,6,96,0.5129672244018841,384,0.0001285849768733044,1,32,1,5,2.6411139113495407e-05,"[0.6803246015283868, 0.554054681449943, 0.5885571069700741]","[4330.15380859375, 3496.234375, 2891.322998046875]",COMPLETE
101,0.5754805273391336,2026-09-26 23:33:36.408699,2026-09-26 23:34:45.812099,0 days 00:01:09.403400,128,16,9,64,0.459936098494316,384,4.0835106385690524e-05,2,16,2,6,3.3039916416819715e-05,"[0.6790332501686589, 0.5498044559680432, 0.5754805273391336]","[4321.9345703125, 3469.414306640625, 2827.08349609375]",COMPLETE
102,0.5661830730093831,2026-09-26 23:34:45.828285,2026-09-26 23:35:42.073376,0 days 00:00:56.245091,128,15,9,64,0.5456148859003271,384,5.953436467114219e-05,3,16,2,6,0.00012681173390964603,"[0.6602332825118974, 0.5482378829400735, 0.5661830730093831]","[4202.27587890625, 3459.52880859375, 2781.4091796875]",COMPLETE
103,0.5574251096767484,2026-09-26 23:35:42.090108,2026-09-26 23:36:35.177702,0 days 00:00:53.087594,128,16,10,64,0.5319247890091271,384,7.175546303772163e-05,2,16,2,7,3.797202148526253e-05,"[0.684597345859843, 0.5574251096767484, 0.5503838811656104]","[4357.34912109375, 3517.502685546875, 2703.794677734375]",COMPLETE
104,0.5588911497808452,2026-09-26 23:36:35.194788,2026-09-26 23:37:28.098454,0 days 00:00:52.903666,128,14,10,64,0.5582626873418386,384,7.870358357878628e-05,1,16,2,5,5.4385974787482316e-05,"[0.6656557614615585, 0.5517931691829229, 0.5588911497808452]","[4236.7890625, 3481.963623046875, 2745.587158203125]",COMPLETE
105,0.5682776615194267,2026-09-26 23:37:28.115889,2026-09-26 23:38:52.047156,0 days 00:01:23.931267,64,15,7,64,0.47542462489877346,384,4.74920125480075e-05,1,16,2,5,3.0466508898844762e-05,"[0.6636298595600737, 0.561583602560063, 0.5682776615194267]","[4223.89453125, 3543.743896484375, 2791.698974609375]",COMPLETE
106,0.5660305025601023,2026-09-26 23:38:52.064824,2026-09-26 23:40:38.697124,0 days 00:01:46.632300,64,14,11,16,0.48451025892126176,384,2.6940624566344263e-05,4,16,2,4,2.13415930970559e-05,"[0.6836556635726299, 0.553033938662733, 0.5660305025601023]","[4351.35546875, 3489.793212890625, 2780.65966796875]",COMPLETE
107,0.5630263556257148,2026-09-26 23:40:38.714842,2026-09-26 23:43:14.602964,0 days 00:02:35.888122,64,16,9,96,0.5881612449690651,192,2.3434532982603604e-05,0,16,2,6,1.1978369633432877e-05,"[0.6599222780318679, 0.5562076312236564, 0.5630263556257148]","[4200.29638671875, 3509.820068359375, 2765.901611328125]",COMPLETE
108,0.5643136436203634,2026-09-26 23:43:14.621295,2026-09-26 23:44:56.385024,0 days 00:01:41.763729,128,15,12,96,0.5174222322987629,384,1.6723021033389137e-05,2,16,3,4,2.72087223804906e-05,"[0.6628167523859659, 0.5643136436203634, 0.5585991289469776]","[4218.71923828125, 3560.97119140625, 2744.152587890625]",COMPLETE
109,0.5705859325912807,2026-09-26 23:44:56.402691,2026-09-26 23:46:01.265661,0 days 00:01:04.862970,1024,14,11,96,0.20587799918051414,384,3.4896627757200185e-05,1,16,2,5,2.3624138595333645e-05,"[0.7127010577988094, 0.5705859325912807, 0.5577730618434128]","[4536.224609375, 3600.551025390625, 2740.094482421875]",COMPLETE
110,0.5694767559169007,2026-09-26 23:46:01.282986,2026-09-26 23:49:05.683639,0 days 00:03:04.400653,64,13,10,96,0.527107119454357,384,1.1273715856782359e-05,2,16,2,7,3.416820876653785e-05,"[0.6666524487345095, 0.5605901744985388, 0.5694767559169007]","[4243.1328125, 3537.47509765625, 2797.589599609375]",COMPLETE
111,0.5563099261439752,2026-09-26 23:49:05.701047,2026-09-26 23:50:59.026150,0 days 00:01:53.325103,64,15,9,96,0.5426031757185992,384,2.608656586679661e-05,1,16,2,5,0.0002127075873240767,"[0.6798198137931638, 0.5535797689034925, 0.5563099261439752]","[4326.94091796875, 3493.237548828125, 2732.90673828125]",COMPLETE
112,0.5653411027970984,2026-09-26 23:50:59.043440,2026-09-26 23:53:21.488781,0 days 00:02:22.445341,64,15,9,96,0.541800880771051,384,2.1856480714742673e-05,1,16,2,5,0.0003684223655285717,"[0.6621749508368966, 0.5517315369477706, 0.5653411027970984]","[4214.63427734375, 3481.57470703125, 2777.27294921875]",COMPLETE
113,0.5484029319765833,2026-09-26 23:53:21.506507,2026-09-26 23:55:40.475309,0 days 00:02:18.968802,64,14,8,96,0.5555164060132708,384,1.965717089906613e-05,1,16,2,4,0.00027916495085874616,"[0.6734610993540405, 0.5484029319765833, 0.5468315739525368]","[4286.46875, 3460.5703125, 2686.34375]",COMPLETE
114,0.5740334935372748,2026-09-26 23:55:40.492083,2026-09-26 23:57:53.195320,0 days 00:02:12.703237,64,14,7,96,0.5567511584768488,384,1.8842766040984545e-05,1,16,2,4,1.579160396798295e-05,"[0.6674533581502736, 0.550686110314969, 0.5740334935372748]","[4248.23046875, 3474.977783203125, 2819.974853515625]",COMPLETE
115,0.5711663618239514,2026-09-26 23:57:53.212967,2026-09-27 00:00:42.395281,0 days 00:02:49.182314,64,14,8,96,0.5983103937535882,384,1.4692908669512068e-05,1,16,2,4,0.0007287217519208369,"[0.6682316365049602, 0.5610188145068585, 0.5711663618239514]","[4253.18408203125, 3540.179931640625, 2805.889892578125]",COMPLETE
116,0.5605225105522096,2026-09-27 00:00:42.413018,2026-09-27 00:01:55.419735,0 days 00:01:13.006717,512,13,8,96,0.5715554037650868,384,3.178727960890619e-05,1,16,2,4,0.0005044597896203306,"[0.6701189902833731, 0.5559375404304367, 0.5605225105522096]","[4265.19677734375, 3508.11572265625, 2753.601318359375]",COMPLETE
117,0.5734501973277609,2026-09-27 00:01:55.436443,2026-09-27 00:05:11.304301,0 days 00:03:15.867858,64,12,8,96,0.5027130811100665,384,1.2945318764445706e-05,0,8,2,3,1.896073230004637e-05,"[0.6642707405236076, 0.5353481180540897, 0.5734501973277609]","[4227.9736328125, 3378.19091796875, 2817.109375]",COMPLETE
118,0.5713257407916528,2026-09-27 00:05:11.321517,2026-09-27 00:07:30.066063,0 days 00:02:18.744546,64,5,11,64,0.3545920539744652,384,1.9635018376117174e-05,5,16,0,4,1.7324094713659755e-05,"[0.7057360610691895, 0.5621801546214659, 0.5713257407916528]","[4491.8935546875, 3547.50830078125, 2806.6728515625]",COMPLETE
119,0.5606319590647438,2026-09-27 00:07:30.082812,2026-09-27 00:10:26.763249,0 days 00:02:56.680437,64,13,10,32,0.49287313541198297,256,1.6566531164749497e-05,3,16,2,6,1.3489704745765959e-05,"[0.6715660740294995, 0.5606319590647438, 0.5467860513038263]","[4274.4072265625, 3537.73876953125, 2686.1201171875]",COMPLETE
120,0.5765510550420508,2026-09-27 00:10:26.780926,2026-09-27 00:11:17.685970,0 days 00:00:50.905044,128,8,11,96,0.31916924205881564,320,0.00021009704831246668,2,32,1,4,1.126582570244016e-05,"[0.674039687363015, 0.5524574664067563, 0.5765510550420508]","[4290.1513671875, 3486.155517578125, 2832.342529296875]",COMPLETE
121,0.5727716315575724,2026-09-27 00:11:17.703686,2026-09-27 00:12:27.521860,0 days 00:01:09.818174,64,15,7,96,0.5372666019443006,384,0.000387014330260781,1,16,2,5,0.0002524546094154649,"[0.6622275009278735, 0.548430981801119, 0.5727716315575724]","[4214.96875, 3460.747314453125, 2813.77587890625]",COMPLETE
122,0.5531141031267856,2026-09-27 00:12:27.541572,2026-09-27 00:14:27.754751,0 days 00:02:00.213179,64,15,9,96,0.5782895941344403,384,2.861187448622888e-05,1,16,2,5,0.00021557454242018243,"[0.6586600785474265, 0.5531141031267856, 0.5469264956327081]","[4192.2626953125, 3490.299072265625, 2686.81005859375]",COMPLETE
123,0.5609592496754275,2026-09-27 00:14:27.771971,2026-09-27 00:16:28.576174,0 days 00:02:00.804203,64,14,8,96,0.5773174443275018,384,2.973334893200472e-05,1,16,2,4,2.0289688506670244e-05,"[0.668130525526993, 0.5517591611887617, 0.5609592496754275]","[4252.54052734375, 3481.7490234375, 2755.746826171875]",COMPLETE
124,0.558399346143685,2026-09-27 00:16:28.593980,2026-09-27 00:18:01.842187,0 days 00:01:33.248207,64,16,10,96,0.5539117530034935,384,4.1032603359353835e-05,1,16,2,5,0.0003487443783016994,"[0.6756714252244426, 0.5438240012405373, 0.558399346143685]","[4300.537109375, 3431.676025390625, 2743.171142578125]",COMPLETE
125,0.5591236830486578,2026-09-27 00:18:01.859898,2026-09-27 00:21:00.142831,0 days 00:02:58.282933,64,14,10,96,0.586072297578838,128,2.4311866673521874e-05,1,16,2,4,0.00029814030071177125,"[0.6516303339684862, 0.5511748736713282, 0.5591236830486578]","[4147.51953125, 3478.06201171875, 2746.7294921875]",COMPLETE
126,0.5711223300916834,2026-09-27 00:21:00.160096,2026-09-27 00:21:53.231469,0 days 00:00:53.071373,256,15,8,96,0.56696118819416,384,4.6579890357024886e-05,6,64,2,3,2.8545344955746952e-05,"[0.6652122693798982, 0.5463848921865337, 0.5711223300916834]","[4233.96630859375, 3447.8359375, 2805.673583984375]",COMPLETE
127,0.5689145313264405,2026-09-27 00:21:53.249237,2026-09-27 00:23:21.198525,0 days 00:01:27.949288,64,14,9,96,0.5800025954081498,384,9.449803682084004e-05,1,16,2,4,0.0002036418336235203,"[0.6498827557605257, 0.5465020050401472, 0.5689145313264405]","[4136.396484375, 3448.574951171875, 2794.82763671875]",COMPLETE
128,0.5677440128274475,2026-09-27 00:23:21.215453,2026-09-27 00:24:47.224198,0 days 00:01:26.008745,64,16,12,16,0.13330057175006713,384,3.533462237758448e-05,0,16,2,5,0.0001641095096311908,"[0.6962967605669027, 0.5589649483202295, 0.5677440128274475]","[4431.81396484375, 3527.219482421875, 2789.077392578125]",COMPLETE
129,0.5598139773615272,2026-09-27 00:24:47.241472,2026-09-27 00:27:03.953587,0 days 00:02:16.712115,64,15,11,96,0.5310455141199388,192,2.0558636042793526e-05,4,16,2,6,2.4917678788849217e-05,"[0.6687209277170046, 0.5437065401822054, 0.5598139773615272]","[4256.29833984375, 3430.934814453125, 2750.12060546875]",COMPLETE
130,0.564503453881291,2026-09-27 00:27:03.970848,2026-09-27 00:28:41.174860,0 days 00:01:37.204012,64,11,10,96,0.5118536870876979,384,5.916932787768892e-05,1,16,3,4,8.433333435500335e-05,"[0.6780813647250955, 0.564503453881291, 0.5571314708009978]","[4315.8759765625, 3562.1689453125, 2736.942626953125]",COMPLETE
131,0.5675100468668075,2026-09-27 00:28:41.193088,2026-09-27 00:30:34.346091,0 days 00:01:53.153003,64,15,9,96,0.5427235510774934,384,2.6725583074378567e-05,1,16,2,5,0.00018765869066264497,"[0.6529311213299515, 0.5675100468668075, 0.5492904927439085]","[4155.798828125, 3581.141357421875, 2698.42333984375]",COMPLETE
132,0.5663807685296562,2026-09-27 00:30:34.367899,2026-09-27 00:32:28.515500,0 days 00:01:54.147601,64,15,9,96,0.5538963716645913,384,2.5105360660739434e-05,1,16,2,5,0.00041288709948190456,"[0.6718513788300002, 0.5464445512616153, 0.5663807685296562]","[4276.22314453125, 3448.21240234375, 2782.38037109375]",COMPLETE
133,0.5747315406156451,2026-09-27 00:32:28.534214,2026-09-27 00:34:44.460214,0 days 00:02:15.926000,64,15,9,96,0.5680512076195929,384,1.742807969414725e-05,1,16,2,5,0.00024198206714987175,"[0.6591769106100706, 0.5498197382862385, 0.5747315406156451]","[4195.55224609375, 3469.5107421875, 2823.404052734375]",COMPLETE
134,0.5650346697709535,2026-09-27 00:34:44.477615,2026-09-27 00:36:23.032929,0 days 00:01:38.555314,64,14,9,96,0.2985705015390488,384,2.877418457153808e-05,1,16,2,4,0.00015732259677888653,"[0.6664012055988171, 0.5516302093747234, 0.5650346697709535]","[4241.53369140625, 3480.935302734375, 2775.767578125]",COMPLETE
