number,value,datetime_start,datetime_complete,duration,params_batch_size,params_climate_multiplier,params_dem_size,params_dem_units,params_dropout,params_hidden_units,params_learning_rate,params_local_dem_cfg,params_month_units,params_rain_lag_weeks,params_regional_dem_cfg,params_weight_decay,user_attrs_fold_scores,user_attrs_fold_scores_raw,state
135,0.553807870170201,2026-09-27 00:36:23.051124,2026-09-27 00:38:31.898471,0 days 00:02:08.847347,64,14,10,96,0.5915359864709175,384,2.2530000906047755e-05,1,16,2,5,0.0002247227867244318,"[0.6440266810237095, 0.54010467188592, 0.553807870170201]","[4099.12353515625, 3408.2060546875, 2720.615234375]",COMPLETE
136,0.5682550989839305,2026-09-27 00:38:31.918940,2026-09-27 00:40:35.756475,0 days 00:02:03.837535,128,13,10,96,0.5993080123546974,384,1.431875514051186e-05,1,16,2,5,0.0002280105215431384,"[0.6595958537441211, 0.555549176101209, 0.5682550989839305]","[4198.21875, 3505.6650390625, 2791.588134765625]",COMPLETE
137,0.5770961227636745,2026-09-27 00:40:35.774268,2026-09-27 00:42:48.787815,0 days 00:02:13.013547,1024,14,10,96,0.5881270909117412,384,1.982086120906828e-05,3,16,2,4,0.00030662207609536335,"[0.6745239920700762, 0.5770961227636745, 0.5692728979419985]","[4293.23388671875, 3641.632080078125, 2796.588134765625]",COMPLETE
138,0.5582036385120018,2026-09-27 00:42:48.805970,2026-09-27 00:44:47.215577,0 days 00:01:58.409607,64,14,11,96,0.5776857780340666,384,2.2289121175435283e-05,0,16,2,6,2.187595984655995e-05,"[0.6617721946651761, 0.5573917980920239, 0.5582036385120018]","[4212.07080078125, 3517.29248046875, 2742.209716796875]",COMPLETE
139,0.584257204555525,2026-09-27 00:44:47.232770,2026-09-27 00:45:35.957501,0 days 00:00:48.724731,512,13,10,64,0.4405657583039842,384,3.9528125543539125e-05,2,8,2,3,0.00027770300896693957,"[0.6819562626743532, 0.5634145403481057, 0.584257204555525]","[4340.5390625, 3555.297607421875, 2870.199462890625]",COMPLETE
140,0.5626273366884917,2026-09-27 00:45:35.975331,2026-09-27 00:47:18.739169,0 days 00:01:42.763838,64,14,11,96,0.47052033619637723,384,3.261698861267005e-05,1,16,2,4,1.5065997565694362e-05,"[0.6762605232516125, 0.5522500911522574, 0.5626273366884917]","[4304.28662109375, 3484.846923828125, 2763.94140625]",COMPLETE
141,0.5669495531524633,2026-09-27 00:47:18.755933,2026-09-27 00:49:45.411242,0 days 00:02:26.655309,64,15,10,96,0.557305702379556,384,1.6340683810381253e-05,1,16,2,5,0.00017623234009803268,"[0.6775895419028288, 0.5511017506804694, 0.5669495531524633]","[4312.74560546875, 3477.6005859375, 2785.174560546875]",COMPLETE
142,0.5675545783813464,2026-09-27 00:49:45.428398,2026-09-27 00:51:32.726886,0 days 00:01:47.298488,64,16,9,96,0.2664846973473123,384,2.546070597546175e-05,1,16,2,5,0.00021164473417617047,"[0.669462152503893, 0.5675545783813464, 0.5454419404337135]","[4261.01611328125, 3581.42236328125, 2679.51708984375]",COMPLETE
143,0.55428890715717,2026-09-27 00:51:32.746082,2026-09-27 00:53:19.870231,0 days 00:01:47.124149,64,14,10,96,0.4542150809985084,384,2.913058932710118e-05,1,16,2,5,0.00021747390011510272,"[0.671432819273256, 0.55428890715717, 0.5456927622765538]","[4273.55908203125, 3497.71240234375, 2680.749267578125]",COMPLETE
144,0.564945910545411,2026-09-27 00:53:19.887986,2026-09-27 00:54:48.784352,0 days 00:01:28.896366,64,14,10,96,0.4574932493941515,384,4.685229912127083e-05,1,16,2,4,0.0002433614623589929,"[0.6646844670062911, 0.5628263065105307, 0.564945910545411]","[4230.60693359375, 3551.585693359375, 2775.33154296875]",COMPLETE
145,0.5596538529356045,2026-09-27 00:54:48.801980,2026-09-27 00:57:37.125795,0 days 00:02:48.323815,64,14,10,96,0.48368387672463636,384,1.2175046917038972e-05,1,16,2,5,0.00013698631268606754,"[0.6744111436265332, 0.5533229872683975, 0.5596538529356045]","[4292.515625, 3491.6171875, 2749.333984375]",COMPLETE
146,0.5643525754985177,2026-09-27 00:57:37.144262,2026-09-27 00:59:57.008455,0 days 00:02:19.864193,64,13,10,96,0.4473982920470772,256,2.2244384871268877e-05,2,16,2,6,3.1863064543654035e-05,"[0.6759950877555834, 0.5614679599041493, 0.5643525754985177]","[4302.59716796875, 3543.01416015625, 2772.416748046875]",COMPLETE
147,0.5619301436336726,2026-09-27 00:59:57.025769,2026-09-27 01:01:16.445248,0 days 00:01:19.419479,128,14,8,96,0.5668381843093685,384,2.987300641487344e-05,1,16,2,4,2.2972723248949638e-05,"[0.6699327251433851, 0.5619301436336726, 0.5562487488726187]","[4264.01123046875, 3545.9306640625, 2732.606201171875]",COMPLETE
148,0.5633626191556547,2026-09-27 01:01:16.463450,2026-09-27 01:03:00.215690,0 days 00:01:43.752240,64,13,11,32,0.4934503162292803,384,3.491963587741905e-05,1,16,2,4,3.787128225639101e-05,"[0.7069778542409304, 0.5633626191556547, 0.5563066461278018]","[4499.79736328125, 3554.969970703125, 2732.890625]",COMPLETE
149,0.5705490727195489,2026-09-27 01:03:00.233906,2026-09-27 01:06:40.680816,0 days 00:03:40.446910,64,9,12,96,0.5904283011526851,128,1.901701604926974e-05,2,32,1,7,0.0003029235803497183,"[0.6613475745869908, 0.5601751144742356, 0.5705490727195489]","[4209.3681640625, 3534.85595703125, 2802.857421875]",COMPLETE
150,0.5713756608925554,2026-09-27 01:06:40.698802,2026-09-27 01:08:12.899115,0 days 00:01:32.200313,256,14,8,96,0.5228434102544017,320,1.4002730455939132e-05,1,64,2,5,1.990654752603509e-05,"[0.6939165866652265, 0.5713756608925554, 0.5620343495221016]","[4416.66455078125, 3605.534423828125, 2761.0283203125]",COMPLETE
151,0.5690918012914516,2026-09-27 01:08:12.916454,2026-09-27 01:10:10.438772,0 days 00:01:57.522318,64,15,10,96,0.5479372003170353,384,2.760028199866183e-05,1,16,2,5,0.00021899243316294127,"[0.6781267802781733, 0.5579160396402442, 0.5690918012914516]","[4316.1650390625, 3520.6005859375, 2795.698486328125]",COMPLETE
152,0.5520402010859035,2026-09-27 01:10:10.456503,2026-09-27 01:12:17.287030,0 days 00:02:06.830527,64,15,9,96,0.5362927102243684,384,2.355527576149168e-05,1,16,2,5,0.00019963170306195254,"[0.6726618776784244, 0.5520402010859035, 0.5516856003115419]","[4281.3818359375, 3483.5224609375, 2710.189453125]",COMPLETE
153,0.5510759835313096,2026-09-27 01:12:17.305162,2026-09-27 01:14:17.214467,0 days 00:01:59.909305,64,14,10,96,0.5077056598489874,384,2.295804204861153e-05,1,16,2,8,0.00019180842640712347,"[0.682541524928459, 0.5510759835313096, 0.5463415594151075]","[4344.26416015625, 3477.43798828125, 2683.9365234375]",COMPLETE
154,0.5533075683093186,2026-09-27 01:14:17.231364,2026-09-27 01:16:19.894802,0 days 00:02:02.663438,64,14,10,96,0.50494724775976,384,2.2314920009928416e-05,1,16,2,8,0.00019601496673564469,"[0.683390304792062, 0.5524410620955795, 0.5533075683093186]","[4349.66650390625, 3486.052001953125, 2718.157470703125]",COMPLETE
155,0.5552939659828529,2026-09-27 01:16:19.912051,2026-09-27 01:18:10.228710,0 days 00:01:50.316659,64,14,10,96,0.4774100787403626,384,2.191813648211853e-05,1,16,2,9,0.00019202116828504753,"[0.6875689192525275, 0.5496429276681303, 0.5552939659828529]","[4376.2626953125, 3468.39501953125, 2727.915771484375]",COMPLETE
156,0.5568239922645934,2026-09-27 01:18:10.246299,2026-09-27 01:20:42.267230,0 days 00:02:32.020931,64,14,10,96,0.5077796016581584,384,1.7825666107177764e-05,1,16,2,8,0.00014199215583484567,"[0.6769118375178804, 0.5568239922645934, 0.5479925505862979]","[4308.43212890625, 3513.70947265625, 2692.047119140625]",COMPLETE
157,0.566310675059071,2026-09-27 01:20:42.283937,2026-09-27 01:23:00.563041,0 days 00:02:18.279104,64,14,11,96,0.4905561988109421,384,1.5809059792175992e-05,1,16,2,8,0.0001641978173916537,"[0.663660085451818, 0.566310675059071, 0.5628422274450682]","[4224.0869140625, 3573.572998046875, 2764.9970703125]",COMPLETE
158,0.5647404125624221,2026-09-27 01:23:00.580949,2026-09-27 01:24:39.338036,0 days 00:01:38.757087,64,15,10,96,0.46635610119388365,384,2.4004875329047722e-05,1,16,2,9,0.00019593064802697117,"[0.6837438863531019, 0.5505977050059149, 0.5647404125624221]","[4351.9169921875, 3474.419921875, 2774.322021484375]",COMPLETE
159,0.5587417877851641,2026-09-27 01:24:39.355223,2026-09-27 01:26:51.387170,0 days 00:02:12.031947,64,14,11,96,0.5015597311748216,384,2.0023074716184734e-05,0,16,2,8,0.00023898109130054943,"[0.6907753953876516, 0.5587417877851641, 0.5505583680865956]","[4396.67138671875, 3525.811279296875, 2704.65185546875]",COMPLETE
160,0.555027294607191,2026-09-27 01:26:51.405249,2026-09-27 01:30:07.691305,0 days 00:03:16.286056,64,15,10,96,0.520590371930569,384,1.0051493113277085e-05,1,16,2,8,0.00011424895068505907,"[0.6902805806623951, 0.555027294607191, 0.554731691695178]","[4393.52197265625, 3502.371826171875, 2725.153564453125]",COMPLETE
161,0.5627984441988739,2026-09-27 01:30:07.707504,2026-09-27 08:22:54.135892,0 days 06:52:46.428388,64,15,10,96,0.512377105819421,384,1.0546677984524388e-05,1,16,2,8,0.00017628846870823046,"[0.6778231404824268, 0.5565246522750303, 0.5627984441988739]","[4314.232421875, 3511.820556640625, 2764.781982421875]",COMPLETE
162,0.5571617121520042,2026-09-27 08:22:54.172044,2026-09-27 08:25:45.794723,0 days 00:02:51.622679,64,15,10,96,0.5263591290141675,384,1.1946853366572677e-05,1,16,2,8,0.0002589363287083226,"[0.6825626983957723, 0.5571617121520042, 0.5558646390998204]","[4344.39892578125, 3515.840576171875, 2730.71923828125]",COMPLETE
163,0.55777621610111,2026-09-27 08:25:45.814418,2026-09-27 08:28:06.703928,0 days 00:02:20.889510,64,15,10,96,0.5180124115960021,384,1.4938006548778392e-05,1,16,2,10,0.00014254257132991505,"[0.6936451673632175, 0.55777621610111, 0.5481252421496788]","[4414.93701171875, 3519.71826171875, 2692.698974609375]",COMPLETE
164,0.5640394130599364,2026-09-27 08:28:06.720113,2026-09-27 08:30:09.488643,0 days 00:02:02.768530,64,14,10,96,0.4858578499557563,384,1.8418923829414862e-05,1,16,2,9,8.763942396544959e-05,"[0.6723866226033515, 0.5640394130599364, 0.5472750718969606]","[4279.6298828125, 3559.24072265625, 2688.5224609375]",COMPLETE
165,0.5600049584351897,2026-09-27 08:30:09.506876,2026-09-27 08:33:48.187622,0 days 00:03:38.680746,64,4,11,96,0.49855135547471413,384,2.324775106919438e-05,1,16,2,4,0.00022798226169938986,"[0.6660129486492785, 0.5600049584351897, 0.5580181188093422]","[4239.0625, 3533.7822265625, 2741.29833984375]",COMPLETE
166,0.5687175315671739,2026-09-27 08:33:48.208731,2026-09-27 08:40:03.505660,0 days 00:06:15.296929,64,15,8,16,0.5026085867009222,192,1.292851849557917e-05,1,16,2,9,0.00011514381562109802,"[0.6763812733876673, 0.5603119976179702, 0.5687175315671739]","[4305.05517578125, 3535.7197265625, 2793.85986328125]",COMPLETE
167,0.5595886990390788,2026-09-27 08:40:03.526009,2026-09-27 08:46:16.688033,0 days 00:06:13.162024,64,14,10,96,0.5354893967506142,384,1.0280841659930039e-05,1,16,2,8,6.787389780869674e-05,"[0.670943374630289, 0.5595886990390788, 0.5566917995421098]","[4270.44384765625, 3531.155517578125, 2734.78271484375]",COMPLETE
168,0.5874132758754015,2026-09-27 08:46:16.710414,2026-09-27 08:50:38.445385,0 days 00:04:21.734971,64,7,11,96,0.47383600688161237,384,2.740738121056482e-05,7,16,3,8,0.00027670860762286925,"[0.6802119832312276, 0.5714401948336943, 0.5874132758754015]","[4329.43701171875, 3605.941650390625, 2885.703857421875]",COMPLETE
169,0.562091203135775,2026-09-27 08:50:38.466888,2026-09-27 08:54:10.174732,0 days 00:03:31.707844,64,13,10,96,0.5290143338623675,384,3.1543134013139994e-05,1,16,2,4,2.630635261121642e-05,"[0.6811940945665353, 0.5519999254068114, 0.562091203135775]","[4335.68798828125, 3483.268310546875, 2761.3076171875]",COMPLETE
170,0.5618998498231739,2026-09-27 08:54:10.197212,2026-09-27 08:58:16.842309,0 days 00:04:06.645097,64,14,10,96,0.3765040672510918,384,1.6783833722773953e-05,1,16,2,7,0.00018325003129624983,"[0.6785660530094632, 0.5618998498231739, 0.5436740117162178]","[4318.9609375, 3545.739501953125, 2670.83203125]",COMPLETE
171,0.5699310381569251,2026-09-27 08:58:16.865340,2026-09-27 09:01:07.417753,0 days 00:02:50.552413,64,14,10,96,0.4848698657159266,384,2.0310830327229936e-05,1,16,2,10,0.0001696061026126796,"[0.6800278661241553, 0.5596903361274311, 0.5699310381569251]","[4328.26513671875, 3531.796875, 2799.8212890625]",COMPLETE
172,0.574467201130393,2026-09-27 09:01:07.436540,2026-09-27 09:03:44.438859,0 days 00:02:37.002319,64,14,10,96,0.47925687790159954,384,2.242630920580183e-05,1,16,2,9,0.00019053423157857678,"[0.6828648038822933, 0.5500547377817285, 0.574467201130393]","[4346.32177734375, 3470.99365234375, 2822.10546875]",COMPLETE
173,0.5656629916570304,2026-09-27 09:03:44.460716,2026-09-27 09:06:14.114210,0 days 00:02:29.653494,64,14,10,96,0.49344409416305524,384,2.192486578752359e-05,1,16,2,8,9.456718902758906e-05,"[0.685551302620861, 0.5613647752392708, 0.5656629916570304]","[4363.4208984375, 3542.363037109375, 2778.854248046875]",COMPLETE
174,0.5578734005199919,2026-09-27 09:06:14.137333,2026-09-27 09:08:23.573873,0 days 00:02:09.436540,64,10,11,96,0.47403684085337805,384,2.5320380010936718e-05,1,16,2,4,0.00019851450531102802,"[0.6788698462361323, 0.556560788186915, 0.5578734005199919]","[4320.89453125, 3512.048583984375, 2740.58740234375]",COMPLETE
175,0.5621991124339107,2026-09-27 09:08:23.593796,2026-09-27 09:10:39.093267,0 days 00:02:15.499471,64,15,10,96,0.4545843178455384,384,1.8682148960252334e-05,1,16,2,9,0.0002163903648368467,"[0.6764309082911155, 0.5621991124339107, 0.5529917922068008]","[4305.37109375, 3547.6279296875, 2716.606201171875]",COMPLETE
176,0.5653771332777917,2026-09-27 09:10:39.113569,2026-09-27 09:12:21.758883,0 days 00:01:42.645314,64,14,8,96,0.46428990217772304,384,2.9220577405826356e-05,5,16,2,9,0.00020626552163339007,"[0.6660493117779253, 0.5572967768933206, 0.5653771332777917]","[4239.2939453125, 3516.69287109375, 2777.449951171875]",COMPLETE
177,0.5941390413939579,2026-09-27 09:12:21.778685,2026-09-27 09:15:14.809056,0 days 00:02:53.030371,1024,15,5,96,0.5169783442079253,384,1.5564731540150544e-05,1,8,2,4,0.00025492704826820005,"[0.7112196055260295, 0.5941390413939579, 0.5874711731305846]","[4526.79541015625, 3749.177490234375, 2885.98828125]",COMPLETE
178,0.5870126666273064,2026-09-27 09:15:14.828547,2026-09-27 09:16:32.256669,0 days 00:01:17.428122,64,13,10,96,0.5473915887883011,384,0.0008687232549665368,1,16,2,5,0.0003280998128132869,"[0.6443102213686007, 0.5662219989241248, 0.5870126666273064]","[4100.92822265625, 3573.013427734375, 2883.73583984375]",COMPLETE
179,0.5645299448579584,2026-09-27 09:16:32.282950,2026-09-27 09:19:09.366014,0 days 00:02:37.083064,64,8,11,96,0.5654268186611918,384,2.1881749578700084e-05,0,16,2,4,0.00023827864651176526,"[0.6634836398908738, 0.5466682921378779, 0.5645299448579584]","[4222.9638671875, 3449.624267578125, 2773.2880859375]",COMPLETE
180,0.5809141101218314,2026-09-27 09:19:09.388135,2026-09-27 09:21:38.803519,0 days 00:02:29.415384,512,15,9,96,0.5086116980544849,256,1.3706415441668092e-05,1,16,1,5,0.00015295871160919816,"[0.6803858971819496, 0.5809141101218314, 0.5617881992174478]","[4330.5439453125, 3665.724609375, 2759.819091796875]",COMPLETE
181,0.5523715709667281,2026-09-27 09:21:38.825301,2026-09-27 09:23:30.882313,0 days 00:01:52.057012,64,14,10,96,0.5573296211145546,384,3.4940422442517146e-05,1,16,2,5,1.7541521594462375e-05,"[0.6629297542604315, 0.5520867444499263, 0.5523715709667281]","[4219.4384765625, 3483.816162109375, 2713.559326171875]",COMPLETE
182,0.5715332763604464,2026-09-27 09:23:30.902179,2026-09-27 09:25:32.949305,0 days 00:02:02.047126,64,14,10,96,0.5601903527025428,384,3.520070886016066e-05,1,16,2,8,2.160520112658773e-05,"[0.6639439326585543, 0.5470707781029064, 0.5715332763604464]","[4225.8935546875, 3452.1640625, 2807.6923828125]",COMPLETE
183,0.5644957531742109,2026-09-27 09:25:32.970723,2026-09-27 09:27:38.782532,0 days 00:02:05.811809,64,14,10,96,0.5368356029841949,384,3.8894746557742964e-05,1,16,2,4,1.710307831345134e-05,"[0.6657494310397815, 0.5454514327153963, 0.5644957531742109]","[4237.38525390625, 3441.945556640625, 2773.1201171875]",COMPLETE
184,0.5562941721268997,2026-09-27 09:27:38.803897,2026-09-27 09:29:49.784115,0 days 00:02:10.980218,64,14,10,96,0.5535996867100941,384,2.5585671739653437e-05,1,16,2,0,1.7974522390230592e-05,"[0.6695356459157993, 0.5502169624910782, 0.5562941721268997]","[4261.48388671875, 3472.017333984375, 2732.829345703125]",COMPLETE
185,0.5590735882561904,2026-09-27 09:29:49.804589,2026-09-27 09:32:22.308776,0 days 00:02:32.504187,64,14,10,96,0.5741275534514458,384,3.0197320957857174e-05,1,16,2,7,2.3801744912459886e-05,"[0.6632854838543873, 0.5561413562589257, 0.5590735882561904]","[4221.70263671875, 3509.40185546875, 2746.4833984375]",COMPLETE
186,0.5679221276451094,2026-09-27 09:32:22.330244,2026-09-27 09:34:49.953116,0 days 00:02:27.622872,64,15,10,96,0.5446461086604986,384,2.025792512574011e-05,1,32,2,4,2.0376153810733545e-05,"[0.6643728488025714, 0.5434368749725306, 0.5679221276451094]","[4228.62353515625, 3429.233154296875, 2789.952392578125]",COMPLETE
187,0.5656784474908174,2026-09-27 09:34:49.971792,2026-09-27 09:37:25.324328,0 days 00:02:35.352536,64,13,12,32,0.5835944612203727,384,2.3826126893452917e-05,1,16,2,5,0.0001900559975150036,"[0.6813746827623888, 0.5443796972816509, 0.5656784474908174]","[4336.83740234375, 3435.1826171875, 2778.93017578125]",COMPLETE
188,0.5640865463079641,2026-09-27 09:37:25.345157,2026-09-27 09:40:11.325900,0 days 00:02:45.980743,64,11,11,96,0.5277799449648839,320,1.8151624970705907e-05,1,64,0,4,0.0002088914548237763,"[0.6776404809691188, 0.5550342973909717, 0.5640865463079641]","[4313.06982421875, 3502.416015625, 2771.10986328125]",COMPLETE
189,0.5665166904119959,2026-09-27 09:40:11.347922,2026-09-27 09:42:47.982102,0 days 00:02:36.634180,64,14,10,96,0.48029093441063486,128,3.219023075841361e-05,4,16,2,5,2.8724223679779212e-05,"[0.6599670031457942, 0.5545237132055943, 0.5665166904119959]","[4200.5810546875, 3499.194091796875, 2783.048095703125]",COMPLETE
190,0.6070136013405727,2026-09-27 09:42:48.006660,2026-09-27 09:44:34.882394,0 days 00:01:46.875734,64,14,9,96,0.5595159147616913,384,0.00414637714100492,1,16,2,3,1.8922760529966826e-05,"[0.697236831829429, 0.6070136013405727, 0.5978461127733173]","[4437.79736328125, 3830.41943359375, 2936.955810546875]",COMPLETE
191,0.5560267582171671,2026-09-27 09:44:34.903956,2026-09-27 09:46:43.171684,0 days 00:02:08.267728,64,14,10,96,0.5749381566306772,384,4.195697755189166e-05,1,16,2,5,1.6098417615115677e-05,"[0.6607809541899761, 0.5560267582171671, 0.5547344250419892]","[4205.76171875, 3508.6787109375, 2725.1669921875]",COMPLETE
192,0.5693054993148742,2026-09-27 09:46:43.192950,2026-09-27 09:48:53.461525,0 days 00:02:10.268575,64,14,10,96,0.5777179755215479,384,4.098602123039e-05,1,16,2,5,1.6703959189743348e-05,"[0.6512179116486444, 0.568585573863042, 0.5693054993148742]","[4144.89453125, 3587.92822265625, 2796.748291015625]",COMPLETE
193,0.5563047029612568,2026-09-27 09:48:53.480924,2026-09-27 09:50:40.132334,0 days 00:01:46.651410,64,14,10,96,0.5917813062073243,384,5.051517530293651e-05,1,16,2,5,2.2784027802451097e-05,"[0.6687816096468772, 0.5563047029612568, 0.5555909565381953]","[4256.6845703125, 3510.4326171875, 2729.374755859375]",COMPLETE
194,0.5545692811973768,2026-09-27 09:50:40.152818,2026-09-27 09:52:51.892561,0 days 00:02:11.739743,64,15,10,96,0.5692163653504713,384,2.735401800071197e-05,1,16,2,4,1.50759873838653e-05,"[0.6583406353666562, 0.5521326300939255, 0.5545692811973768]","[4190.2294921875, 3484.105712890625, 2724.355712890625]",COMPLETE
195,0.5618134950997552,2026-09-27 09:52:51.913130,2026-09-27 09:54:40.134460,0 days 00:01:48.221330,256,15,8,96,0.5546361106012072,384,2.5062654362767485e-05,1,16,2,4,1.460884376741567e-05,"[0.6969109445499112, 0.5514397800831853, 0.5618134950997552]","[4435.72314453125, 3479.733642578125, 2759.943359375]",COMPLETE
196,0.5643080467941023,2026-09-27 09:54:40.156823,2026-09-27 09:57:22.309521,0 days 00:02:42.152698,64,15,10,96,0.5649071728934664,384,2.7214494736444453e-05,1,16,2,4,1.880462748666879e-05,"[0.6926276134847983, 0.5540182747121662, 0.5643080467941023]","[4408.46044921875, 3496.004638671875, 2772.197998046875]",COMPLETE
197,0.5700309792557862,2026-09-27 09:57:22.330482,2026-09-27 10:00:03.175725,0 days 00:02:40.845243,64,15,11,96,0.496560345891089,384,2.0650629204343335e-05,1,16,2,4,0.0002323152019875109,"[0.6621892199126947, 0.5553030727441441, 0.5700309792557862]","[4214.72509765625, 3504.112060546875, 2800.312255859375]",COMPLETE
198,0.567607157293821,2026-09-27 10:00:03.195207,2026-09-27 10:02:01.230462,0 days 00:01:58.035255,64,16,10,16,0.5454640026508117,384,3.335560536336616e-05,1,16,2,4,1.037303379468349e-05,"[0.664720062980325, 0.567607157293821, 0.5535615210766882]","[4230.83349609375, 3581.754150390625, 2719.405029296875]",COMPLETE
199,0.566843300507329,2026-09-27 10:02:01.252836,2026-09-27 10:04:39.464059,0 days 00:02:38.211223,64,15,8,96,0.516039197901714,384,1.6887971591012115e-05,2,16,2,8,0.00011222041855134955,"[0.6778433166487434, 0.5482938665209056, 0.566843300507329]","[4314.36083984375, 3459.882080078125, 2784.652587890625]",COMPLETE
