number,value,datetime_start,datetime_complete,duration,params_batch_size,params_climate_multiplier,params_dem_size,params_dem_units,params_dropout,params_hidden_units,params_learning_rate,params_local_dem_cfg,params_month_units,params_rain_lag_weeks,params_regional_dem_cfg,params_weight_decay,user_attrs_fold_scores,user_attrs_fold_scores_raw,state
0,0.571519858112464,2026-09-26 20:24:22.809777,2026-09-26 20:26:25.042134,0 days 00:02:02.232357,64,6,11,32,0.24561457009902096,320,0.00012227105761160537,4,16,2,1,0.0007969454818643932,"[0.7034838485569285, 0.5474623536534258, 0.571519858112464]","[4477.55859375, 3454.635009765625, 2807.62646484375]",COMPLETE
1,0.5915095928078548,2026-09-26 20:26:25.069677,2026-09-26 20:29:05.864115,0 days 00:02:40.794438,1024,6,10,64,0.43126114217699096,320,3.799014556724925e-05,0,32,2,6,0.00010677482709481354,"[0.6980508595890721, 0.5915095928078548, 0.5706108463574824]","[4442.978515625, 3732.5849609375, 2803.160888671875]",COMPLETE
2,0.6280720581783427,2026-09-26 20:29:05.886515,2026-09-26 20:30:15.854596,0 days 00:01:09.968081,128,6,4,64,0.1993578407670862,320,0.005338877671059099,7,8,2,0,0.0006161049539380963,"[0.6636768094223771, 0.5609939372142013, 0.6280720581783427]","[4224.193359375, 3540.02294921875, 3085.442626953125]",COMPLETE
3,0.5833914706248309,2026-09-26 20:30:15.873468,2026-09-26 20:31:33.109596,0 days 00:01:17.236128,512,4,8,64,0.31377050917927485,256,0.00010981414061548603,4,8,3,3,1.70505392602693e-05,"[0.6801234535889104, 0.5833914706248309, 0.5616345851266573]","[4328.87353515625, 3681.357421875, 2759.064453125]",COMPLETE
4,0.5823700522198454,2026-09-26 20:31:33.128635,2026-09-26 20:32:09.767310,0 days 00:00:36.638675,512,5,8,64,0.15502596226383838,320,0.004312679088470493,6,16,1,2,3.151987295193886e-05,"[0.6409123401575828, 0.5606344738765987, 0.5823700522198454]","[4079.30126953125, 3537.754638671875, 2860.9287109375]",COMPLETE
5,0.568882863313708,2026-09-26 20:32:09.786250,2026-09-26 20:33:06.158980,0 days 00:00:56.372730,1024,8,6,96,0.23932323211830572,256,0.0001628477279615986,2,8,0,10,2.781093697926551e-05,"[0.6562419304924166, 0.568882863313708, 0.5606259304561031]","[4176.87158203125, 3589.80419921875, 2754.109375]",COMPLETE
6,0.5892826863054156,2026-09-26 20:33:06.178177,2026-09-26 20:33:50.407536,0 days 00:00:44.229359,256,12,5,96,0.18718321450249573,128,0.0008938609764602874,5,64,0,4,0.00033361013094697806,"[0.6506582723586061, 0.5512154975551387, 0.5892826863054156]","[4141.33251953125, 3478.318359375, 2894.887451171875]",COMPLETE
7,0.5863174735627502,2026-09-26 20:33:50.428091,2026-09-26 20:35:01.106731,0 days 00:01:10.678640,128,11,9,96,0.14206998249752442,192,0.004835805047862643,5,8,1,8,0.000568432246221227,"[0.6588820930923711, 0.5863174735627502, 0.5315529604332643]","[4193.67578125, 3699.8212890625, 2611.28662109375]",COMPLETE
8,0.551766109799436,2026-09-26 20:35:01.125506,2026-09-26 20:40:34.546715,0 days 00:05:33.421209,64,6,8,96,0.2965488623333802,384,1.0344136275479285e-05,5,16,2,7,2.0970853331431125e-05,"[0.6849055118678051, 0.5514443454339374, 0.551766109799436]","[4359.310546875, 3479.762451171875, 2710.5849609375]",COMPLETE
9,0.5951421867132309,2026-09-26 20:40:34.566699,2026-09-26 20:42:46.399294,0 days 00:02:11.832595,256,6,4,32,0.25846100257813887,128,3.688144794774829e-05,0,64,1,7,0.00027855068482535877,"[0.6957787010568782, 0.5594119657997968, 0.5951421867132309]","[4428.5166015625, 3530.040283203125, 2923.672607421875]",COMPLETE
10,0.5577749006403585,2026-09-26 20:42:46.419524,2026-09-26 20:47:44.849342,0 days 00:04:58.429818,64,15,12,16,0.5961813327301684,384,1.1473359408300083e-05,2,16,3,10,1.028002961790561e-05,"[0.680242209122972, 0.5481695961258588, 0.5577749006403585]","[4329.62939453125, 3459.097900390625, 2740.103515625]",COMPLETE
11,0.5640035092845306,2026-09-26 20:47:44.865627,2026-09-26 20:51:12.025434,0 days 00:03:27.159807,64,16,12,16,0.5895939199117497,384,1.0872727719466378e-05,2,16,3,10,1.1364859641859283e-05,"[0.6845747915142266, 0.5640035092845306, 0.562028932525694]","[4357.20556640625, 3559.01416015625, 2761.001708984375]",COMPLETE
12,0.5943750605063589,2026-09-26 20:51:12.043342,2026-09-26 20:54:34.032187,0 days 00:03:21.988845,64,15,6,16,0.43170321430599135,384,1.2002332346547973e-05,2,16,3,8,5.750605813825164e-05,"[0.6758863052314882, 0.5575717038631843, 0.5943750605063589]","[4301.90478515625, 3518.427734375, 2919.904052734375]",COMPLETE
13,0.5673000179108761,2026-09-26 20:54:34.048508,2026-09-26 20:56:44.302106,0 days 00:02:10.253598,64,13,10,16,0.5815548049117253,384,2.935897336046382e-05,3,16,3,9,1.0312803375012935e-05,"[0.6785495591852879, 0.5444075536591209, 0.5673000179108761]","[4318.85595703125, 3435.3583984375, 2786.896240234375]",COMPLETE
14,0.5922145237923427,2026-09-26 20:56:44.320344,2026-09-26 20:57:53.418284,0 days 00:01:09.097940,64,9,7,16,0.41299896241323414,384,0.0006789942376247516,1,32,2,6,7.890347196952519e-05,"[0.6427414285431534, 0.5601909384442151, 0.5922145237923427]","[4090.943115234375, 3534.955810546875, 2909.290283203125]",COMPLETE
15,0.5593203879588642,2026-09-26 20:57:53.436529,2026-09-26 20:59:57.810619,0 days 00:02:04.374090,64,14,12,96,0.5069968527889157,384,2.2641365501867195e-05,3,16,3,5,2.5488827377413215e-05,"[0.6613030796194483, 0.5593203879588642, 0.5510805864191824]","[4209.0849609375, 3529.46240234375, 2707.21728515625]",COMPLETE
16,0.5774603152831062,2026-09-26 20:59:57.826276,2026-09-26 21:01:30.923421,0 days 00:01:33.097145,64,8,9,16,0.352998012448874,192,6.689003526252465e-05,7,16,2,8,4.622726205819653e-05,"[0.6906488148765395, 0.5524099171179916, 0.5774603152831062]","[4395.86572265625, 3485.85546875, 2836.809326171875]",COMPLETE
17,0.5853452753752487,2026-09-26 21:01:30.941232,2026-09-26 21:02:41.429856,0 days 00:01:10.488624,64,10,7,96,0.32965411072664574,384,0.0003818965483649392,5,16,3,10,1.6746236943395187e-05,"[0.6496079609782204, 0.560536783108388, 0.5853452753752487]","[4134.6474609375, 3537.13818359375, 2875.544677734375]",COMPLETE
18,0.5717393707100121,2026-09-26 21:02:41.448718,2026-09-26 21:04:29.880207,0 days 00:01:48.431489,128,12,10,32,0.5213662167705251,384,1.7313151356504304e-05,1,64,2,7,0.00012161479665415168,"[0.6776433194411862, 0.5659153853248889, 0.5717393707100121]","[4313.087890625, 3571.07861328125, 2808.704833984375]",COMPLETE
19,0.5640126962468465,2026-09-26 21:04:29.897943,2026-09-26 21:05:12.961162,0 days 00:00:43.063219,512,16,11,96,0.38495273781487027,384,5.679215866322224e-05,6,32,1,9,1.6802076964312608e-05,"[0.6925029508602182, 0.561174655463038, 0.5640126962468465]","[4407.6669921875, 3541.163330078125, 2770.7470703125]",COMPLETE
20,0.5734345427051148,2026-09-26 21:05:12.978823,2026-09-26 21:05:37.471360,0 days 00:00:24.492537,1024,8,9,16,0.49052359858676814,128,0.0019283960146616777,3,16,3,5,0.00015255438297936014,"[0.6492223123543653, 0.5564848408688962, 0.5734345427051148]","[4132.19287109375, 3511.5693359375, 2817.032470703125]",COMPLETE
21,0.5573328439151625,2026-09-26 21:05:37.487503,2026-09-26 21:07:40.241637,0 days 00:02:02.754134,64,14,12,96,0.5211964257323403,384,2.274917617549906e-05,3,16,3,4,2.7508417631084705e-05,"[0.6681151057192757, 0.5473096465397117, 0.5573328439151625]","[4252.4423828125, 3453.67138671875, 2737.931884765625]",COMPLETE
22,0.562752822155734,2026-09-26 21:07:40.258289,2026-09-26 21:11:32.235762,0 days 00:03:51.977473,64,14,12,96,0.551160367205307,384,1.0295868134431915e-05,4,16,3,3,3.762572025922827e-05,"[0.6932707191967094, 0.5593194207235354, 0.562752822155734]","[4412.5537109375, 3529.456298828125, 2764.557861328125]",COMPLETE
23,0.5532063350828741,2026-09-26 21:11:32.252058,2026-09-26 21:13:47.193245,0 days 00:02:14.941187,64,14,11,96,0.48978982901156104,384,1.9210199345803052e-05,1,16,2,4,2.0467925361943883e-05,"[0.6856267906347606, 0.5470828491998101, 0.5532063350828741]","[4363.9013671875, 3452.240234375, 2717.66015625]",COMPLETE
24,0.5543563814937085,2026-09-26 21:13:47.211001,2026-09-26 21:15:43.734658,0 days 00:01:56.523657,64,13,11,96,0.47846958828643393,384,2.07116419155925e-05,1,16,2,4,2.2080719739880622e-05,"[0.6580527989559333, 0.5543563814937085, 0.5538113489752335]","[4188.3974609375, 3498.13818359375, 2720.63232421875]",COMPLETE
25,0.5596993120712827,2026-09-26 21:15:43.752398,2026-09-26 21:16:31.564028,0 days 00:00:47.811630,256,11,11,96,0.29158695098152776,256,5.879672510917757e-05,1,16,2,4,6.031760526472685e-05,"[0.6659200462256684, 0.5596993120712827, 0.5588392161914321]","[4238.47119140625, 3531.853515625, 2745.33203125]",COMPLETE
26,0.5623919209822237,2026-09-26 21:16:31.581271,2026-09-26 21:19:02.128526,0 days 00:02:30.547255,64,13,8,96,0.4653528246588783,192,1.817573363500044e-05,1,16,2,6,2.010220725096771e-05,"[0.6720735468058674, 0.5591151406220887, 0.5623919209822237]","[4277.63720703125, 3528.167236328125, 2762.784912109375]",COMPLETE
27,0.5699640371075188,2026-09-26 21:19:02.146334,2026-09-26 21:20:13.509979,0 days 00:01:11.363645,64,10,10,96,0.46636960766912094,384,0.00027213849855511137,0,64,1,3,4.7249594818113785e-05,"[0.666530701297458, 0.5555029422524914, 0.5699640371075188]","[4242.35791015625, 3505.373291015625, 2799.9833984375]",COMPLETE
28,0.5578261254440771,2026-09-26 21:20:13.527109,2026-09-26 21:21:46.239773,0 days 00:01:32.712664,64,12,11,96,0.37605618297847665,384,3.900090192153939e-05,6,32,2,2,2.084100573091865e-05,"[0.6753641030865545, 0.5578261254440771, 0.5539836492187697]","[4298.5810546875, 3520.033203125, 2721.478759765625]",COMPLETE
29,0.5795740249184582,2026-09-26 21:21:46.258118,2026-09-26 21:22:58.344336,0 days 00:01:12.086218,64,13,11,32,0.2788681685388654,384,0.00011258957094161055,4,16,2,1,7.81934345663324e-05,"[0.6939577061524725, 0.5795740249184582, 0.5677188163395696]","[4416.92626953125, 3657.268310546875, 2788.95361328125]",COMPLETE
30,0.5618495922754885,2026-09-26 21:22:58.361008,2026-09-26 21:24:09.659100,0 days 00:01:11.298092,256,15,7,96,0.10203461620945675,192,1.579711352028757e-05,0,16,1,5,1.3323604103468976e-05,"[0.6712566805741569, 0.5618495922754885, 0.557709747591822]","[4272.43798828125, 3545.42236328125, 2739.783447265625]",COMPLETE
31,0.5530966155120405,2026-09-26 21:24:09.676362,2026-09-26 21:26:20.822352,0 days 00:02:11.145990,64,14,12,96,0.5357259046539906,384,2.160554890833896e-05,1,16,2,4,3.476408288193918e-05,"[0.6748234892309137, 0.5530966155120405, 0.5497049675149186]","[4295.14013671875, 3490.188720703125, 2700.45947265625]",COMPLETE
32,0.5447673007434902,2026-09-26 21:26:20.840083,2026-09-26 21:28:14.695070,0 days 00:01:53.854987,64,14,10,96,0.5458646112763901,384,2.788490987800931e-05,1,16,2,4,3.1880665941244294e-05,"[0.6609455088544218, 0.5407782545689102, 0.5447673007434902]","[4206.80908203125, 3412.45654296875, 2676.202880859375]",COMPLETE
33,0.582802501688406,2026-09-26 21:28:14.712807,2026-09-26 21:30:15.775989,0 days 00:02:01.063182,1024,7,10,96,0.5633269943833384,320,3.116423061434711e-05,0,16,2,2,4.005242463379889e-05,"[0.6605307850707416, 0.582802501688406, 0.5577733600267013]","[4204.16943359375, 3677.640869140625, 2740.095947265625]",COMPLETE
34,0.5561983844539129,2026-09-26 21:30:15.792143,2026-09-26 21:31:11.158702,0 days 00:00:55.366559,128,16,9,64,0.5371177318037778,384,7.631045034637074e-05,2,16,2,6,3.237477099187659e-05,"[0.6761862626850933, 0.5561983844539129, 0.5553546462820619]","[4303.81396484375, 3509.76171875, 2728.2138671875]",COMPLETE
35,0.5636880740401032,2026-09-26 21:31:11.176365,2026-09-26 21:32:09.209111,0 days 00:00:58.032746,512,5,11,96,0.43519538116485557,320,4.72141988975706e-05,1,8,2,3,1.4344593563113457e-05,"[0.7001963608946925, 0.5630522526833429, 0.5636880740401032]","[4456.63427734375, 3553.011474609375, 2769.15234375]",COMPLETE
36,0.5721678600955816,2026-09-26 21:32:09.226425,2026-09-26 21:33:33.634325,0 days 00:01:24.407900,64,4,9,64,0.5500254623804901,256,0.00017479877324386072,0,32,2,7,5.928510163915542e-05,"[0.6655653906481704, 0.5393528205201219, 0.5721678600955816]","[4236.2138671875, 3403.461669921875, 2810.809814453125]",COMPLETE
37,0.5634076536325645,2026-09-26 21:33:33.652685,2026-09-26 21:35:06.406258,0 days 00:01:32.753573,64,14,10,96,0.23055725682678785,384,2.9425041357702684e-05,2,16,1,0,3.275799995503776e-05,"[0.6720898104836588, 0.5634076536325645, 0.5632782708072795]","[4277.74072265625, 3555.254150390625, 2767.13916015625]",COMPLETE
38,0.5777122516681328,2026-09-26 21:35:06.423156,2026-09-26 21:35:31.163289,0 days 00:00:24.740133,1024,11,8,96,0.4483184685136128,128,0.0078457744294697,4,8,2,4,0.0009761876203236242,"[0.6336242562627817, 0.5777122516681328, 0.5773583365984404]","[4032.913818359375, 3645.52001953125, 2836.308349609375]",COMPLETE
39,0.5917377055878036,2026-09-26 21:35:31.180602,2026-09-26 21:36:49.088760,0 days 00:01:17.908158,512,15,8,32,0.3928110332610881,320,1.4581498751197224e-05,5,16,2,5,2.4176783856302854e-05,"[0.7301305804552634, 0.5917377055878036, 0.5751278759032717]","[4647.16064453125, 3734.0244140625, 2825.35107421875]",COMPLETE
40,0.5727043912260164,2026-09-26 21:36:49.107536,2026-09-26 21:38:29.396437,0 days 00:01:40.288901,128,10,12,64,0.49873651037177424,256,2.3518039395254224e-05,7,64,0,6,0.00018456442937349893,"[0.6634937663317627, 0.5647381051720627, 0.5727043912260164]","[4223.0283203125, 3563.649658203125, 2813.445556640625]",COMPLETE
41,0.5630116452501489,2026-09-26 21:38:29.414260,2026-09-26 21:40:41.712638,0 days 00:02:12.298378,64,13,11,96,0.4780400832773272,384,2.0090226526665826e-05,1,16,2,4,2.08270462844099e-05,"[0.6544738692562942, 0.5481391862471208, 0.5630116452501489]","[4165.6181640625, 3458.906005859375, 2765.829345703125]",COMPLETE
42,0.5560479213261617,2026-09-26 21:40:41.728864,2026-09-26 21:42:17.065321,0 days 00:01:35.336457,64,14,10,96,0.5686600733118853,384,4.358285078603286e-05,1,16,2,5,1.4114621019300142e-05,"[0.6587868892049225, 0.5560479213261617, 0.5539921971397066]","[4193.06982421875, 3508.812255859375, 2721.520751953125]",COMPLETE
43,0.5864936786136783,2026-09-26 21:42:17.081949,2026-09-26 21:43:35.786641,0 days 00:01:18.704692,64,12,11,96,0.3321873811989202,384,8.154525330398233e-05,2,16,2,4,2.5709623465892876e-05,"[0.6644086749229892, 0.560719629274948, 0.5864936786136783]","[4228.8515625, 3538.2919921875, 2881.186279296875]",COMPLETE
44,0.5606814428241662,2026-09-26 21:43:35.804518,2026-09-26 21:46:01.624492,0 days 00:02:25.819974,64,15,12,96,0.5214973206166804,384,1.4359032819923306e-05,0,16,1,3,1.9357529212750416e-05,"[0.664745225651625, 0.5606814428241662, 0.5542713463949541]","[4230.99365234375, 3538.051025390625, 2722.89208984375]",COMPLETE
45,0.5650516441762529,2026-09-26 21:46:01.640748,2026-09-26 21:47:34.295059,0 days 00:01:32.654311,64,13,11,96,0.20331452061863098,384,2.7701231778963465e-05,1,8,2,2,3.997592624627601e-05,"[0.6872517008201343, 0.5650516441762529, 0.5611226541175236]","[4374.24365234375, 3565.628173828125, 2756.549560546875]",COMPLETE
46,0.5795805972531753,2026-09-26 21:47:34.312745,2026-09-26 21:50:19.278204,0 days 00:02:44.965459,256,9,9,96,0.5388349571983065,128,1.3509729654881493e-05,2,16,2,3,3.178870907927362e-05,"[0.6780987791348061, 0.5724933206597133, 0.5795805972531753]","[4315.98681640625, 3612.587158203125, 2847.225341796875]",COMPLETE
47,0.5618498244119674,2026-09-26 21:50:19.294346,2026-09-26 21:54:47.594259,0 days 00:04:28.299913,64,11,6,96,0.597070254685144,384,1.0587503153261586e-05,1,16,2,5,1.267162337340139e-05,"[0.672117811627026, 0.5618498244119674, 0.557587790626827]","[4277.9189453125, 3545.423828125, 2739.184326171875]",COMPLETE
48,0.5618300541218463,2026-09-26 21:54:47.611528,2026-09-26 21:56:24.265946,0 days 00:01:36.654418,64,7,10,96,0.4101901890220903,384,3.525552252760233e-05,2,16,1,4,8.045047994638155e-05,"[0.6641114025105288, 0.5618300541218463, 0.5574005812188659]","[4226.95947265625, 3545.299072265625, 2738.2646484375]",COMPLETE
49,0.559064145785388,2026-09-26 21:56:24.283277,2026-09-26 21:57:37.347431,0 days 00:01:13.064154,64,15,12,32,0.4511540145054234,384,0.00015593940841822417,0,64,2,1,4.8630644242465785e-05,"[0.6652739486107674, 0.5541685830822648, 0.559064145785388]","[4234.35888671875, 3496.953125, 2746.43701171875]",COMPLETE
50,0.5874164067999308,2026-09-26 21:57:37.363108,2026-09-26 21:59:56.354571,0 days 00:02:18.991463,64,16,7,64,0.4946211860335695,192,2.0797144519246065e-05,1,32,2,7,1.692314653442166e-05,"[0.6790709174601475, 0.5569559618528577, 0.5874164067999308]","[4322.17431640625, 3514.542236328125, 2885.71923828125]",COMPLETE
51,0.5678406739101352,2026-09-26 21:59:56.372463,2026-09-26 22:01:40.361890,0 days 00:01:43.989427,64,14,10,96,0.5717607623009271,384,4.258739468948808e-05,1,16,2,5,1.4753853038881285e-05,"[0.6573342052301226, 0.5494025503442119, 0.5678406739101352]","[4183.82373046875, 3466.878173828125, 2789.55224609375]",COMPLETE
52,0.5530328421061839,2026-09-26 22:01:40.379602,2026-09-26 22:04:02.081673,0 days 00:02:21.702071,64,14,11,96,0.5726509086848321,384,1.7947388895281104e-05,1,16,2,4,2.286593504167865e-05,"[0.6722856650563068, 0.5416597541581833, 0.5530328421061839]","[4278.9873046875, 3418.01904296875, 2716.807861328125]",COMPLETE
53,0.5604391683230748,2026-09-26 22:04:02.099322,2026-09-26 22:06:36.482106,0 days 00:02:34.382784,64,13,11,96,0.5113228334314114,384,1.6232175312108285e-05,0,16,2,4,2.3296509750150197e-05,"[0.6731300721386169, 0.5430208090234854, 0.5604391683230748]","[4284.36181640625, 3426.607666015625, 2753.19189453125]",COMPLETE
54,0.558128173692561,2026-09-26 22:06:36.500287,2026-09-26 22:08:41.934667,0 days 00:02:05.434380,64,14,12,96,0.5340297187961381,384,2.2601541380323163e-05,2,16,2,4,2.9846362211886758e-05,"[0.6760461802527958, 0.558128173692561, 0.5564683608645964]","[4302.92236328125, 3521.939208984375, 2733.68505859375]",COMPLETE
55,0.5859330942430773,2026-09-26 22:08:41.951398,2026-09-26 22:10:42.498147,0 days 00:02:00.546749,1024,15,11,96,0.5858423107900075,384,1.2551759373030784e-05,1,16,2,6,0.0004451266780540533,"[0.6791731791700338, 0.5859330942430773, 0.5633324407713565]","[4322.8251953125, 3697.395751953125, 2767.4052734375]",COMPLETE
56,0.5624366654306688,2026-09-26 22:10:42.514263,2026-09-26 22:11:05.460498,0 days 00:00:22.946235,512,13,12,96,0.30486903580146024,384,0.0012822609004503904,5,16,3,3,1.1673537604584037e-05,"[0.670397774269665, 0.5624366654306688, 0.529355945963622]","[4266.97119140625, 3549.126953125, 2600.49365234375]",COMPLETE
57,0.5775377435436857,2026-09-26 22:11:05.477188,2026-09-26 22:12:53.565642,0 days 00:01:48.088454,128,12,4,16,0.5577316393587037,256,2.6882542084102955e-05,3,16,2,2,3.6284200207422635e-05,"[0.7028037659926805, 0.5494899497285242, 0.5775377435436857]","[4473.22998046875, 3467.4296875, 2837.189697265625]",COMPLETE
58,0.5698006922619316,2026-09-26 22:12:53.582908,2026-09-26 22:14:12.174857,0 days 00:01:18.591949,64,14,12,96,0.26630055040825257,384,5.138714574378419e-05,2,16,2,9,1.7879087768629352e-05,"[0.666389928426009, 0.5698006922619316, 0.5513187851694764]","[4241.4619140625, 3595.595947265625, 2708.387451171875]",COMPLETE
59,0.5751501899526942,2026-09-26 22:14:12.192667,2026-09-26 22:18:50.786590,0 days 00:04:38.593923,64,5,10,96,0.4886973319570689,128,1.7766457166778455e-05,6,8,3,3,2.240866892895021e-05,"[0.6697008143039354, 0.5538122922765408, 0.5751501899526942]","[4262.53515625, 3494.704833984375, 2825.460693359375]",COMPLETE
60,0.5812803054173226,2026-09-26 22:18:50.803854,2026-09-26 22:20:31.280244,0 days 00:01:40.476390,256,12,11,32,0.3652385713627623,384,1.0722583767406432e-05,1,16,1,5,2.6890376007284348e-05,"[0.6971702428090378, 0.5812803054173226, 0.5646030991580695]","[4437.37353515625, 3668.035400390625, 2773.6474609375]",COMPLETE
61,0.5649016303270693,2026-09-26 22:20:31.298105,2026-09-26 22:22:17.918503,0 days 00:01:46.620398,64,14,10,96,0.5752819268372157,384,3.56910453420956e-05,1,16,2,5,1.4861045123409345e-05,"[0.6409888638302097, 0.5536620612852685, 0.5649016303270693]","[4079.788330078125, 3493.7568359375, 2775.114013671875]",COMPLETE
62,0.5709976894770918,2026-09-26 22:22:17.936385,2026-09-26 22:24:39.300499,0 days 00:02:21.364114,64,14,9,96,0.5509208276009465,384,1.916107117294569e-05,1,16,2,4,1.1302455849214212e-05,"[0.673082201690778, 0.5651964199602706, 0.5709976894770918]","[4284.05712890625, 3566.541748046875, 2805.061279296875]",COMPLETE
63,0.5581792868767745,2026-09-26 22:24:39.317121,2026-09-26 22:26:33.156774,0 days 00:01:53.839653,64,16,11,96,0.5220430623735164,384,2.5378289862401703e-05,0,16,2,4,1.6592358305437993e-05,"[0.6591833547088181, 0.5484285056786773, 0.5581792868767745]","[4195.59326171875, 3460.731689453125, 2742.090087890625]",COMPLETE
64,0.5665234989304165,2026-09-26 22:26:33.175046,2026-09-26 22:28:02.251372,0 days 00:01:29.076326,64,15,8,96,0.5708488497121756,384,8.425075772435075e-05,1,16,2,5,1.9049681808929393e-05,"[0.6823729810600266, 0.5509487727408633, 0.5665234989304165]","[4343.19140625, 3476.63525390625, 2783.08154296875]",COMPLETE
65,0.5595734940997097,2026-09-26 22:28:02.269108,2026-09-26 22:30:52.042577,0 days 00:02:49.773469,64,14,10,96,0.5982436078511115,320,1.3000690572930573e-05,2,16,2,6,2.8090399790283693e-05,"[0.6460795100521036, 0.5595734940997097, 0.5592772474422334]","[4112.189453125, 3531.0595703125, 2747.48388671875]",COMPLETE
66,0.5599513901603093,2026-09-26 22:30:52.060183,2026-09-26 22:32:43.435112,0 days 00:01:51.374929,64,13,11,96,0.5357728600445546,384,3.320207877405022e-05,0,64,2,3,2.2353392248333512e-05,"[0.662805551928619, 0.5577138100776945, 0.5599513901603093]","[4218.64794921875, 3519.324462890625, 2750.795654296875]",COMPLETE
